
*** Running vivado
    with args -log top_module_fpga.vds -m64 -product Vivado -mode batch -messageDb vivado.pb -notrace -source top_module_fpga.tcl



****** Vivado v2022.1 (64-bit)
  **** SW Build 3526262 on Mon Apr 18 15:48:16 MDT 2022
  **** IP Build 3524634 on Mon Apr 18 20:55:01 MDT 2022
    ** Copyright 1986-2022 Xilinx, Inc. All Rights Reserved.

source top_module_fpga.tcl -notrace
create_project: Time (s): cpu = 00:00:06 ; elapsed = 00:00:09 . Memory (MB): peak = 1278.441 ; gain = 8.199
Command: read_checkpoint -auto_incremental -incremental C:/juwan_projects/nexy4_ddr_template/nexy4_ddr_template.srcs/utils_1/imports/synth_1/top_module.dcp
INFO: [Vivado 12-5825] Read reference checkpoint from C:/juwan_projects/nexy4_ddr_template/nexy4_ddr_template.srcs/utils_1/imports/synth_1/top_module.dcp for incremental synthesis
INFO: [Vivado 12-7989] Please ensure there are no constraint changes
Command: synth_design -top top_module_fpga -part xc7a100tcsg324-1
Starting synth_design
Attempting to get a license for feature 'Synthesis' and/or device 'xc7a100t'
INFO: [Common 17-349] Got license for feature 'Synthesis' and/or device 'xc7a100t'
INFO: [Device 21-403] Loading part xc7a100tcsg324-1
INFO: [Designutils 20-5440] No compile time benefit to using incremental synthesis; A full resynthesis will be run
INFO: [Designutils 20-4379] Flow is switching to default flow due to incremental criteria not met. If you would like to alter this behaviour and have the flow terminate instead, please set the following parameter config_implementation {autoIncr.Synth.RejectBehavior Terminate}
INFO: [Synth 8-7079] Multithreading enabled for synth_design using a maximum of 2 processes.
INFO: [Synth 8-7078] Launching helper process for spawning children vivado processes
INFO: [Synth 8-7075] Helper process launched with PID 37092
WARNING: [Synth 8-6901] identifier 'computation_reset_button' is used before its declaration [C:/juwan_projects/nexyddr4_working_ca_v1/nexyddr4_working_ca_v1.srcs/sources_1/new/top_module.v:31]
WARNING: [Synth 8-6901] identifier 'pulse_started_sig' is used before its declaration [C:/juwan_projects/nexyddr4_working_ca_v1/nexyddr4_working_ca_v1.srcs/sources_1/new/top_module.v:34]
WARNING: [Synth 8-6901] identifier 'uart_reset_button' is used before its declaration [C:/juwan_projects/nexyddr4_working_ca_v1/nexyddr4_working_ca_v1.srcs/sources_1/new/top_module.v:35]
WARNING: [Synth 8-6901] identifier 'computation_reset_button' is used before its declaration [C:/juwan_projects/nexyddr4_working_ca_v1/nexyddr4_working_ca_v1.srcs/sources_1/new/top_module.v:36]
WARNING: [Synth 8-6901] identifier 'tx_busy' is used before its declaration [C:/juwan_projects/nexyddr4_working_ca_v1/nexyddr4_working_ca_v1.srcs/sources_1/new/top_module.v:39]
WARNING: [Synth 8-6901] identifier 'CLK_FPGA' is used before its declaration [C:/juwan_projects/nexyddr4_working_ca_v1/nexyddr4_working_ca_v1.srcs/sources_1/new/top_module.v:46]
WARNING: [Synth 8-6901] identifier 'signal_data_address_uart_incr' is used before its declaration [C:/juwan_projects/nexyddr4_working_ca_v1/nexyddr4_working_ca_v1.srcs/sources_1/new/top_module.v:135]
WARNING: [Synth 8-6901] identifier 'signal_data_address_uart_incr' is used before its declaration [C:/juwan_projects/nexyddr4_working_ca_v1/nexyddr4_working_ca_v1.srcs/sources_1/new/top_module.v:136]
WARNING: [Synth 8-6901] identifier 'bram_being_used' is used before its declaration [C:/juwan_projects/nexyddr4_working_ca_v1/nexyddr4_working_ca_v1.srcs/sources_1/new/top_module.v:169]
---------------------------------------------------------------------------------
Starting RTL Elaboration : Time (s): cpu = 00:00:06 ; elapsed = 00:00:13 . Memory (MB): peak = 1278.441 ; gain = 0.000
---------------------------------------------------------------------------------
INFO: [Synth 8-6157] synthesizing module 'top_module_fpga' [C:/juwan_projects/nexyddr4_working_ca_v1/nexyddr4_working_ca_v1.srcs/sources_1/new/top_module.v:12]
INFO: [Synth 8-6157] synthesizing module 'BRAM' [C:/juwan_projects/nexyddr4_working_ca_v1/nexyddr4_working_ca_v1.srcs/sources_1/new/COM.v:371]
INFO: [Synth 8-6155] done synthesizing module 'BRAM' (0#1) [C:/juwan_projects/nexyddr4_working_ca_v1/nexyddr4_working_ca_v1.srcs/sources_1/new/COM.v:371]
INFO: [Synth 8-6157] synthesizing module 'report_funct' [C:/juwan_projects/nexyddr4_working_ca_v1/nexyddr4_working_ca_v1.srcs/sources_1/new/COM.v:167]
INFO: [Synth 8-6155] done synthesizing module 'report_funct' (0#1) [C:/juwan_projects/nexyddr4_working_ca_v1/nexyddr4_working_ca_v1.srcs/sources_1/new/COM.v:167]
INFO: [Synth 8-6157] synthesizing module 'COMP_stream_contoller' [C:/juwan_projects/nexyddr4_working_ca_v1/nexyddr4_working_ca_v1.srcs/sources_1/new/COM.v:75]
	Parameter bram_comp_address_width bound to: 8 - type: integer 
	Parameter inv_bram_comp_address_width bound to: 24 - type: integer 
INFO: [Synth 8-6155] done synthesizing module 'COMP_stream_contoller' (0#1) [C:/juwan_projects/nexyddr4_working_ca_v1/nexyddr4_working_ca_v1.srcs/sources_1/new/COM.v:75]
INFO: [Synth 8-6157] synthesizing module 'mux_16_options' [C:/juwan_projects/nexyddr4_working_ca_v1/nexyddr4_working_ca_v1.srcs/sources_1/new/COM.v:118]
	Parameter WIDTH bound to: 8 - type: integer 
INFO: [Synth 8-6155] done synthesizing module 'mux_16_options' (0#1) [C:/juwan_projects/nexyddr4_working_ca_v1/nexyddr4_working_ca_v1.srcs/sources_1/new/COM.v:118]
INFO: [Synth 8-6157] synthesizing module 'uart_stream_contrl' [C:/juwan_projects/nexyddr4_working_ca_v1/nexyddr4_working_ca_v1.srcs/sources_1/new/COM.v:23]
INFO: [Synth 8-6155] done synthesizing module 'uart_stream_contrl' (0#1) [C:/juwan_projects/nexyddr4_working_ca_v1/nexyddr4_working_ca_v1.srcs/sources_1/new/COM.v:23]
INFO: [Synth 8-6157] synthesizing module 'mux_8_options' [C:/juwan_projects/nexyddr4_working_ca_v1/nexyddr4_working_ca_v1.srcs/sources_1/new/COM.v:146]
	Parameter WIDTH bound to: 8 - type: integer 
INFO: [Synth 8-6155] done synthesizing module 'mux_8_options' (0#1) [C:/juwan_projects/nexyddr4_working_ca_v1/nexyddr4_working_ca_v1.srcs/sources_1/new/COM.v:146]
INFO: [Synth 8-6157] synthesizing module 'uart_state_machine' [C:/juwan_projects/nexyddr4_working_ca_v1/nexyddr4_working_ca_v1.srcs/sources_1/new/COM.v:244]
INFO: [Synth 8-155] case statement is not full and has no default [C:/juwan_projects/nexyddr4_working_ca_v1/nexyddr4_working_ca_v1.srcs/sources_1/new/COM.v:277]
INFO: [Synth 8-6155] done synthesizing module 'uart_state_machine' (0#1) [C:/juwan_projects/nexyddr4_working_ca_v1/nexyddr4_working_ca_v1.srcs/sources_1/new/COM.v:244]
INFO: [Synth 8-6157] synthesizing module 'bud9600_gen' [C:/juwan_projects/nexyddr4_working_ca_v1/nexyddr4_working_ca_v1.srcs/sources_1/new/COM.v:316]
	Parameter CYCLE_X bound to: 5208 - type: integer 
INFO: [Synth 8-6155] done synthesizing module 'bud9600_gen' (0#1) [C:/juwan_projects/nexyddr4_working_ca_v1/nexyddr4_working_ca_v1.srcs/sources_1/new/COM.v:316]
INFO: [Synth 8-6157] synthesizing module 'CA_Processor_32STE_8bitword' [C:/juwan_projects/nexyddr4_working_ca_v1/nexyddr4_working_ca_v1.srcs/sources_1/new/AUTOMATED_RTL.v:547]
	Parameter start_vector bound to: 9589833 - type: integer 
	Parameter end_vector bound to: 71903780 - type: integer 
	Parameter ActivationVector_STE1 bound to: 256'b0000000000000000000000000000000000000000000000000000000000000000000000000000000000000000000000000000000000000000000000000000000000000000000000000000000000000100000000000000000000000000000000000000000000000000000000000000000000000000000000000000000000000000 
	Parameter STE1_ACTIVATES bound to: 2 - type: integer 
	Parameter ActivationVector_STE2 bound to: 256'b0000000000000000000000000000000000000000000000000000000000000000000000000000000000000000000000000000000000000000000000000000000000000000000000000000000000000010000000000000000000000000000000000000000000000000000000000000000000000000000000000000000000000000 
	Parameter STE2_ACTIVATES bound to: 4 - type: integer 
	Parameter ActivationVector_STE3 bound to: 256'b0000000000000000000000000000000000000000000000000000000000000000000000000000000000000000000000000000000000000000000000000000000000000000000100000000000000000000000000000000000000000000000000000000000000000000000000000000000000000000000000000000000000000000 
	Parameter STE3_ACTIVATES bound to: 0 - type: integer 
	Parameter ActivationVector_STE4 bound to: 256'b0000000000000000000000000000000000000000000000000000000000000000000000000000000000000000000000000000000000000000000000000000000000000000000000000000000000000100000000000000000000000000000000000000000000000000000000000000000000000000000000000000000000000000 
	Parameter STE4_ACTIVATES bound to: 16 - type: integer 
	Parameter ActivationVector_STE5 bound to: 256'b0000000000000000000000000000000000000000000000000000000000000000000000000000000000000000000000000000000000000000000000000000000000000000000000000000000000000010000000000000000000000000000000000000000000000000000000000000000000000000000000000000000000000000 
	Parameter STE5_ACTIVATES bound to: 32 - type: integer 
	Parameter ActivationVector_STE6 bound to: 256'b0000000000000000000000000000000000000000000000000000000000000000000000000000000000000000000000000000000000000000000000000000000000000000000001000000000000000000000000000000000000000000000000000000000000000000000000000000000000000000000000000000000000000000 
	Parameter STE6_ACTIVATES bound to: 0 - type: integer 
	Parameter ActivationVector_STE7 bound to: 256'b0000000000000000000000000000000000000000000000000000000000000000000000000000000000000000000000000000000000000000000000000000000000000000000000000000000000000100000000000000000000000000000000000000000000000000000000000000000000000000000000000000000000000000 
	Parameter STE7_ACTIVATES bound to: 128 - type: integer 
	Parameter ActivationVector_STE8 bound to: 256'b0000000000000000000000000000000000000000000000000000000000000000000000000000000000000000000000000000000000000000000000000000000000000000000000000000000000000010000000000000000000000000000000000000000000000000000000000000000000000000000000000000000000000000 
	Parameter STE8_ACTIVATES bound to: 256 - type: integer 
	Parameter ActivationVector_STE9 bound to: 256'b0000000000000000000000000000000000000000000000000000000000000000000000000000000000000000000000000000000000000000000000000000000000000000000001000000000000000000000000000000000000000000000000000000000000000000000000000000000000000000000000000000000000000000 
	Parameter STE9_ACTIVATES bound to: 512 - type: integer 
	Parameter ActivationVector_STE10 bound to: 256'b0000000000000000000000000000000000000000000000000000000000000000000000000000000000000000000000000000000000000000000000000000000000000000000100000000000000000000000000000000000000000000000000000000000000000000000000000000000000000000000000000000000000000000 
	Parameter STE10_ACTIVATES bound to: 0 - type: integer 
	Parameter ActivationVector_STE11 bound to: 256'b0000000000000000000000000000000000000000000000000000000000000000000000000000000000000000000000000000000000000000000000000000000000000000000000000000000000000010000000000000000000000000000000000000000000000000000000000000000000000000000000000000000000000000 
	Parameter STE11_ACTIVATES bound to: 2048 - type: integer 
	Parameter ActivationVector_STE12 bound to: 256'b0000000000000000000000000000000000000000000000000000000000000000000000000000000000000000000000000000000000000000000000000000000000000000000001000000000000000000000000000000000000000000000000000000000000000000000000000000000000000000000000000000000000000000 
	Parameter STE12_ACTIVATES bound to: 0 - type: integer 
	Parameter ActivationVector_STE13 bound to: 256'b0000000000000000000000000000000000000000000000000000000000000000000000000000000000000000000000000000000000000000000000000000000000000000000000000000000000000010000000000000000000000000000000000000000000000000000000000000000000000000000000000000000000000000 
	Parameter STE13_ACTIVATES bound to: 8192 - type: integer 
	Parameter ActivationVector_STE14 bound to: 256'b0000000000000000000000000000000000000000000000000000000000000000000000000000000000000000000000000000000000000000000000000000000000000000000100000000000000000000000000000000000000000000000000000000000000000000000000000000000000000000000000000000000000000000 
	Parameter STE14_ACTIVATES bound to: 0 - type: integer 
	Parameter ActivationVector_STE15 bound to: 256'b0000000000000000000000000000000000000000000000000000000000000000000000000000000000000000000000000000000000000000000000000000000000000000000000000000000000000010000000000000000000000000000000000000000000000000000000000000000000000000000000000000000000000000 
	Parameter STE15_ACTIVATES bound to: 32768 - type: integer 
	Parameter ActivationVector_STE16 bound to: 256'b0000000000000000000000000000000000000000000000000000000000000000000000000000000000000000000000000000000000000000000000000000000000000000000001000000000000000000000000000000000000000000000000000000000000000000000000000000000000000000000000000000000000000000 
	Parameter STE16_ACTIVATES bound to: 65536 - type: integer 
	Parameter ActivationVector_STE17 bound to: 256'b0000000000000000000000000000000000000000000000000000000000000000000000000000000000000000000000000000000000000000000000000000000000000000000100000000000000000000000000000000000000000000000000000000000000000000000000000000000000000000000000000000000000000000 
	Parameter STE17_ACTIVATES bound to: 0 - type: integer 
	Parameter ActivationVector_STE18 bound to: 256'b0000000000000000000000000000000000000000000000000000000000000000000000000000000000000000000000000000000000000000000000000000000000000000000000000000000000001000000000000000000000000000000000000000000000000000000000000000000000000000000000000000000000000000 
	Parameter STE18_ACTIVATES bound to: 262144 - type: integer 
	Parameter ActivationVector_STE19 bound to: 256'b0000000000000000000000000000000000000000000000000000000000000000000000000000000000000000000000000000000000000000000000000000000000000000000000000000000000000010000000000000000000000000000000000000000000000000000000000000000000000000000000000000000000000000 
	Parameter STE19_ACTIVATES bound to: 524288 - type: integer 
	Parameter ActivationVector_STE20 bound to: 256'b0000000000000000000000000000000000000000000000000000000000000000000000000000000000000000000000000000000000000000000000000000000000000000000001000000000000000000000000000000000000000000000000000000000000000000000000000000000000000000000000000000000000000000 
	Parameter STE20_ACTIVATES bound to: 0 - type: integer 
	Parameter ActivationVector_STE21 bound to: 256'b0000000000000000000000000000000000000000000000000000000000000000000000000000000000000000000000000000000000000000000000000000000000000000000000000000000000001000000000000000000000000000000000000000000000000000000000000000000000000000000000000000000000000000 
	Parameter STE21_ACTIVATES bound to: 2097152 - type: integer 
	Parameter ActivationVector_STE22 bound to: 256'b0000000000000000000000000000000000000000000000000000000000000000000000000000000000000000000000000000000000000000000000000000000000000000000000000000000000000010000000000000000000000000000000000000000000000000000000000000000000000000000000000000000000000000 
	Parameter STE22_ACTIVATES bound to: 4194304 - type: integer 
	Parameter ActivationVector_STE23 bound to: 256'b0000000000000000000000000000000000000000000000000000000000000000000000000000000000000000000000000000000000000000000000000000000000000000000100000000000000000000000000000000000000000000000000000000000000000000000000000000000000000000000000000000000000000000 
	Parameter STE23_ACTIVATES bound to: 0 - type: integer 
	Parameter ActivationVector_STE24 bound to: 256'b0000000000000000000000000000000000000000000000000000000000000000000000000000000000000000000000000000000000000000000000000000000000000000000000000000000000001000000000000000000000000000000000000000000000000000000000000000000000000000000000000000000000000000 
	Parameter STE24_ACTIVATES bound to: 16777216 - type: integer 
	Parameter ActivationVector_STE25 bound to: 256'b0000000000000000000000000000000000000000000000000000000000000000000000000000000000000000000000000000000000000000000000000000000000000000000000000000000000000010000000000000000000000000000000000000000000000000000000000000000000000000000000000000000000000000 
	Parameter STE25_ACTIVATES bound to: 33554432 - type: integer 
	Parameter ActivationVector_STE26 bound to: 256'b0000000000000000000000000000000000000000000000000000000000000000000000000000000000000000000000000000000000000000000000000000000000000000000001000000000000000000000000000000000000000000000000000000000000000000000000000000000000000000000000000000000000000000 
	Parameter STE26_ACTIVATES bound to: 67108864 - type: integer 
	Parameter ActivationVector_STE27 bound to: 256'b0000000000000000000000000000000000000000000000000000000000000000000000000000000000000000000000000000000000000000000000000000000000000000000100000000000000000000000000000000000000000000000000000000000000000000000000000000000000000000000000000000000000000000 
	Parameter STE27_ACTIVATES bound to: 0 - type: integer 
INFO: [Synth 8-6157] synthesizing module 'STE_MATCH_AUTOMATED_32bit_vector_8bit_word' [C:/juwan_projects/nexyddr4_working_ca_v1/nexyddr4_working_ca_v1.srcs/sources_1/new/AUTOMATED_RTL.v:66]
	Parameter ActivationVector_STE1 bound to: 256'b0000000000000000000000000000000000000000000000000000000000000000000000000000000000000000000000000000000000000000000000000000000000000000000000000000000000000100000000000000000000000000000000000000000000000000000000000000000000000000000000000000000000000000 
	Parameter ActivationVector_STE2 bound to: 256'b0000000000000000000000000000000000000000000000000000000000000000000000000000000000000000000000000000000000000000000000000000000000000000000000000000000000000010000000000000000000000000000000000000000000000000000000000000000000000000000000000000000000000000 
	Parameter ActivationVector_STE3 bound to: 256'b0000000000000000000000000000000000000000000000000000000000000000000000000000000000000000000000000000000000000000000000000000000000000000000100000000000000000000000000000000000000000000000000000000000000000000000000000000000000000000000000000000000000000000 
	Parameter ActivationVector_STE4 bound to: 256'b0000000000000000000000000000000000000000000000000000000000000000000000000000000000000000000000000000000000000000000000000000000000000000000000000000000000000100000000000000000000000000000000000000000000000000000000000000000000000000000000000000000000000000 
	Parameter ActivationVector_STE5 bound to: 256'b0000000000000000000000000000000000000000000000000000000000000000000000000000000000000000000000000000000000000000000000000000000000000000000000000000000000000010000000000000000000000000000000000000000000000000000000000000000000000000000000000000000000000000 
	Parameter ActivationVector_STE6 bound to: 256'b0000000000000000000000000000000000000000000000000000000000000000000000000000000000000000000000000000000000000000000000000000000000000000000001000000000000000000000000000000000000000000000000000000000000000000000000000000000000000000000000000000000000000000 
	Parameter ActivationVector_STE7 bound to: 256'b0000000000000000000000000000000000000000000000000000000000000000000000000000000000000000000000000000000000000000000000000000000000000000000000000000000000000100000000000000000000000000000000000000000000000000000000000000000000000000000000000000000000000000 
	Parameter ActivationVector_STE8 bound to: 256'b0000000000000000000000000000000000000000000000000000000000000000000000000000000000000000000000000000000000000000000000000000000000000000000000000000000000000010000000000000000000000000000000000000000000000000000000000000000000000000000000000000000000000000 
	Parameter ActivationVector_STE9 bound to: 256'b0000000000000000000000000000000000000000000000000000000000000000000000000000000000000000000000000000000000000000000000000000000000000000000001000000000000000000000000000000000000000000000000000000000000000000000000000000000000000000000000000000000000000000 
	Parameter ActivationVector_STE10 bound to: 256'b0000000000000000000000000000000000000000000000000000000000000000000000000000000000000000000000000000000000000000000000000000000000000000000100000000000000000000000000000000000000000000000000000000000000000000000000000000000000000000000000000000000000000000 
	Parameter ActivationVector_STE11 bound to: 256'b0000000000000000000000000000000000000000000000000000000000000000000000000000000000000000000000000000000000000000000000000000000000000000000000000000000000000010000000000000000000000000000000000000000000000000000000000000000000000000000000000000000000000000 
	Parameter ActivationVector_STE12 bound to: 256'b0000000000000000000000000000000000000000000000000000000000000000000000000000000000000000000000000000000000000000000000000000000000000000000001000000000000000000000000000000000000000000000000000000000000000000000000000000000000000000000000000000000000000000 
	Parameter ActivationVector_STE13 bound to: 256'b0000000000000000000000000000000000000000000000000000000000000000000000000000000000000000000000000000000000000000000000000000000000000000000000000000000000000010000000000000000000000000000000000000000000000000000000000000000000000000000000000000000000000000 
	Parameter ActivationVector_STE14 bound to: 256'b0000000000000000000000000000000000000000000000000000000000000000000000000000000000000000000000000000000000000000000000000000000000000000000100000000000000000000000000000000000000000000000000000000000000000000000000000000000000000000000000000000000000000000 
	Parameter ActivationVector_STE15 bound to: 256'b0000000000000000000000000000000000000000000000000000000000000000000000000000000000000000000000000000000000000000000000000000000000000000000000000000000000000010000000000000000000000000000000000000000000000000000000000000000000000000000000000000000000000000 
	Parameter ActivationVector_STE16 bound to: 256'b0000000000000000000000000000000000000000000000000000000000000000000000000000000000000000000000000000000000000000000000000000000000000000000001000000000000000000000000000000000000000000000000000000000000000000000000000000000000000000000000000000000000000000 
	Parameter ActivationVector_STE17 bound to: 256'b0000000000000000000000000000000000000000000000000000000000000000000000000000000000000000000000000000000000000000000000000000000000000000000100000000000000000000000000000000000000000000000000000000000000000000000000000000000000000000000000000000000000000000 
	Parameter ActivationVector_STE18 bound to: 256'b0000000000000000000000000000000000000000000000000000000000000000000000000000000000000000000000000000000000000000000000000000000000000000000000000000000000001000000000000000000000000000000000000000000000000000000000000000000000000000000000000000000000000000 
	Parameter ActivationVector_STE19 bound to: 256'b0000000000000000000000000000000000000000000000000000000000000000000000000000000000000000000000000000000000000000000000000000000000000000000000000000000000000010000000000000000000000000000000000000000000000000000000000000000000000000000000000000000000000000 
	Parameter ActivationVector_STE20 bound to: 256'b0000000000000000000000000000000000000000000000000000000000000000000000000000000000000000000000000000000000000000000000000000000000000000000001000000000000000000000000000000000000000000000000000000000000000000000000000000000000000000000000000000000000000000 
	Parameter ActivationVector_STE21 bound to: 256'b0000000000000000000000000000000000000000000000000000000000000000000000000000000000000000000000000000000000000000000000000000000000000000000000000000000000001000000000000000000000000000000000000000000000000000000000000000000000000000000000000000000000000000 
	Parameter ActivationVector_STE22 bound to: 256'b0000000000000000000000000000000000000000000000000000000000000000000000000000000000000000000000000000000000000000000000000000000000000000000000000000000000000010000000000000000000000000000000000000000000000000000000000000000000000000000000000000000000000000 
	Parameter ActivationVector_STE23 bound to: 256'b0000000000000000000000000000000000000000000000000000000000000000000000000000000000000000000000000000000000000000000000000000000000000000000100000000000000000000000000000000000000000000000000000000000000000000000000000000000000000000000000000000000000000000 
	Parameter ActivationVector_STE24 bound to: 256'b0000000000000000000000000000000000000000000000000000000000000000000000000000000000000000000000000000000000000000000000000000000000000000000000000000000000001000000000000000000000000000000000000000000000000000000000000000000000000000000000000000000000000000 
	Parameter ActivationVector_STE25 bound to: 256'b0000000000000000000000000000000000000000000000000000000000000000000000000000000000000000000000000000000000000000000000000000000000000000000000000000000000000010000000000000000000000000000000000000000000000000000000000000000000000000000000000000000000000000 
	Parameter ActivationVector_STE26 bound to: 256'b0000000000000000000000000000000000000000000000000000000000000000000000000000000000000000000000000000000000000000000000000000000000000000000001000000000000000000000000000000000000000000000000000000000000000000000000000000000000000000000000000000000000000000 
	Parameter ActivationVector_STE27 bound to: 256'b0000000000000000000000000000000000000000000000000000000000000000000000000000000000000000000000000000000000000000000000000000000000000000000100000000000000000000000000000000000000000000000000000000000000000000000000000000000000000000000000000000000000000000 
	Parameter ActivationVector_STE28 bound to: 256'b0000000000000000000000000000000000000000000000000000000000000000000000000000000000000000000000000000000000000000000000000000000000000000000000000000000000000000000000000000000000000000000000000000000000000000000000000000000000000000000000000000000000000000 
	Parameter ActivationVector_STE29 bound to: 256'b0000000000000000000000000000000000000000000000000000000000000000000000000000000000000000000000000000000000000000000000000000000000000000000000000000000000000000000000000000000000000000000000000000000000000000000000000000000000000000000000000000000000000000 
	Parameter ActivationVector_STE30 bound to: 256'b0000000000000000000000000000000000000000000000000000000000000000000000000000000000000000000000000000000000000000000000000000000000000000000000000000000000000000000000000000000000000000000000000000000000000000000000000000000000000000000000000000000000000000 
	Parameter ActivationVector_STE31 bound to: 256'b0000000000000000000000000000000000000000000000000000000000000000000000000000000000000000000000000000000000000000000000000000000000000000000000000000000000000000000000000000000000000000000000000000000000000000000000000000000000000000000000000000000000000000 
	Parameter ActivationVector_STE32 bound to: 256'b0000000000000000000000000000000000000000000000000000000000000000000000000000000000000000000000000000000000000000000000000000000000000000000000000000000000000000000000000000000000000000000000000000000000000000000000000000000000000000000000000000000000000000 
INFO: [Synth 8-6157] synthesizing module 'In8BitTo256OneHot' [C:/juwan_projects/nexyddr4_working_ca_v1/nexyddr4_working_ca_v1.srcs/sources_1/new/AUTOMATED_RTL.v:33]
INFO: [Synth 8-6155] done synthesizing module 'In8BitTo256OneHot' (0#1) [C:/juwan_projects/nexyddr4_working_ca_v1/nexyddr4_working_ca_v1.srcs/sources_1/new/AUTOMATED_RTL.v:33]
INFO: [Synth 8-6157] synthesizing module 'MatchConstant_AUTOMATED' [C:/juwan_projects/nexyddr4_working_ca_v1/nexyddr4_working_ca_v1.srcs/sources_1/new/AUTOMATED_RTL.v:53]
	Parameter CONSTANT_VALUE bound to: 256'b0000000000000000000000000000000000000000000000000000000000000000000000000000000000000000000000000000000000000000000000000000000000000000000000000000000000000100000000000000000000000000000000000000000000000000000000000000000000000000000000000000000000000000 
INFO: [Synth 8-6155] done synthesizing module 'MatchConstant_AUTOMATED' (0#1) [C:/juwan_projects/nexyddr4_working_ca_v1/nexyddr4_working_ca_v1.srcs/sources_1/new/AUTOMATED_RTL.v:53]
INFO: [Synth 8-6157] synthesizing module 'MatchConstant_AUTOMATED__parameterized0' [C:/juwan_projects/nexyddr4_working_ca_v1/nexyddr4_working_ca_v1.srcs/sources_1/new/AUTOMATED_RTL.v:53]
	Parameter CONSTANT_VALUE bound to: 256'b0000000000000000000000000000000000000000000000000000000000000000000000000000000000000000000000000000000000000000000000000000000000000000000000000000000000000010000000000000000000000000000000000000000000000000000000000000000000000000000000000000000000000000 
INFO: [Synth 8-6155] done synthesizing module 'MatchConstant_AUTOMATED__parameterized0' (0#1) [C:/juwan_projects/nexyddr4_working_ca_v1/nexyddr4_working_ca_v1.srcs/sources_1/new/AUTOMATED_RTL.v:53]
INFO: [Synth 8-6157] synthesizing module 'MatchConstant_AUTOMATED__parameterized1' [C:/juwan_projects/nexyddr4_working_ca_v1/nexyddr4_working_ca_v1.srcs/sources_1/new/AUTOMATED_RTL.v:53]
	Parameter CONSTANT_VALUE bound to: 256'b0000000000000000000000000000000000000000000000000000000000000000000000000000000000000000000000000000000000000000000000000000000000000000000100000000000000000000000000000000000000000000000000000000000000000000000000000000000000000000000000000000000000000000 
INFO: [Synth 8-6155] done synthesizing module 'MatchConstant_AUTOMATED__parameterized1' (0#1) [C:/juwan_projects/nexyddr4_working_ca_v1/nexyddr4_working_ca_v1.srcs/sources_1/new/AUTOMATED_RTL.v:53]
INFO: [Synth 8-6157] synthesizing module 'MatchConstant_AUTOMATED__parameterized2' [C:/juwan_projects/nexyddr4_working_ca_v1/nexyddr4_working_ca_v1.srcs/sources_1/new/AUTOMATED_RTL.v:53]
	Parameter CONSTANT_VALUE bound to: 256'b0000000000000000000000000000000000000000000000000000000000000000000000000000000000000000000000000000000000000000000000000000000000000000000001000000000000000000000000000000000000000000000000000000000000000000000000000000000000000000000000000000000000000000 
INFO: [Synth 8-6155] done synthesizing module 'MatchConstant_AUTOMATED__parameterized2' (0#1) [C:/juwan_projects/nexyddr4_working_ca_v1/nexyddr4_working_ca_v1.srcs/sources_1/new/AUTOMATED_RTL.v:53]
INFO: [Synth 8-6157] synthesizing module 'MatchConstant_AUTOMATED__parameterized3' [C:/juwan_projects/nexyddr4_working_ca_v1/nexyddr4_working_ca_v1.srcs/sources_1/new/AUTOMATED_RTL.v:53]
	Parameter CONSTANT_VALUE bound to: 256'b0000000000000000000000000000000000000000000000000000000000000000000000000000000000000000000000000000000000000000000000000000000000000000000000000000000000001000000000000000000000000000000000000000000000000000000000000000000000000000000000000000000000000000 
INFO: [Synth 8-6155] done synthesizing module 'MatchConstant_AUTOMATED__parameterized3' (0#1) [C:/juwan_projects/nexyddr4_working_ca_v1/nexyddr4_working_ca_v1.srcs/sources_1/new/AUTOMATED_RTL.v:53]
INFO: [Synth 8-6157] synthesizing module 'MatchConstant_AUTOMATED__parameterized4' [C:/juwan_projects/nexyddr4_working_ca_v1/nexyddr4_working_ca_v1.srcs/sources_1/new/AUTOMATED_RTL.v:53]
	Parameter CONSTANT_VALUE bound to: 256'b0000000000000000000000000000000000000000000000000000000000000000000000000000000000000000000000000000000000000000000000000000000000000000000000000000000000000000000000000000000000000000000000000000000000000000000000000000000000000000000000000000000000000000 
INFO: [Synth 8-6155] done synthesizing module 'MatchConstant_AUTOMATED__parameterized4' (0#1) [C:/juwan_projects/nexyddr4_working_ca_v1/nexyddr4_working_ca_v1.srcs/sources_1/new/AUTOMATED_RTL.v:53]
INFO: [Synth 8-6155] done synthesizing module 'STE_MATCH_AUTOMATED_32bit_vector_8bit_word' (0#1) [C:/juwan_projects/nexyddr4_working_ca_v1/nexyddr4_working_ca_v1.srcs/sources_1/new/AUTOMATED_RTL.v:66]
INFO: [Synth 8-6157] synthesizing module 'Local_Match_AUTOMATED' [C:/juwan_projects/nexyddr4_working_ca_v1/nexyddr4_working_ca_v1.srcs/sources_1/new/AUTOMATED_RTL.v:315]
	Parameter start_vector bound to: 9589833 - type: integer 
	Parameter end_vector bound to: 71903780 - type: integer 
	Parameter STE1_ACTIVATES bound to: 2 - type: integer 
	Parameter STE2_ACTIVATES bound to: 4 - type: integer 
	Parameter STE3_ACTIVATES bound to: 0 - type: integer 
	Parameter STE4_ACTIVATES bound to: 16 - type: integer 
	Parameter STE5_ACTIVATES bound to: 32 - type: integer 
	Parameter STE6_ACTIVATES bound to: 0 - type: integer 
	Parameter STE7_ACTIVATES bound to: 128 - type: integer 
	Parameter STE8_ACTIVATES bound to: 256 - type: integer 
	Parameter STE9_ACTIVATES bound to: 512 - type: integer 
	Parameter STE10_ACTIVATES bound to: 0 - type: integer 
	Parameter STE11_ACTIVATES bound to: 2048 - type: integer 
	Parameter STE12_ACTIVATES bound to: 0 - type: integer 
	Parameter STE13_ACTIVATES bound to: 8192 - type: integer 
	Parameter STE14_ACTIVATES bound to: 0 - type: integer 
	Parameter STE15_ACTIVATES bound to: 32768 - type: integer 
	Parameter STE16_ACTIVATES bound to: 65536 - type: integer 
	Parameter STE17_ACTIVATES bound to: 0 - type: integer 
	Parameter STE18_ACTIVATES bound to: 262144 - type: integer 
	Parameter STE19_ACTIVATES bound to: 524288 - type: integer 
	Parameter STE20_ACTIVATES bound to: 0 - type: integer 
	Parameter STE21_ACTIVATES bound to: 2097152 - type: integer 
	Parameter STE22_ACTIVATES bound to: 4194304 - type: integer 
	Parameter STE23_ACTIVATES bound to: 0 - type: integer 
	Parameter STE24_ACTIVATES bound to: 16777216 - type: integer 
	Parameter STE25_ACTIVATES bound to: 33554432 - type: integer 
	Parameter STE26_ACTIVATES bound to: 67108864 - type: integer 
	Parameter STE27_ACTIVATES bound to: 0 - type: integer 
	Parameter STE28_ACTIVATES bound to: 0 - type: integer 
	Parameter STE29_ACTIVATES bound to: 0 - type: integer 
	Parameter STE30_ACTIVATES bound to: 0 - type: integer 
	Parameter STE31_ACTIVATES bound to: 0 - type: integer 
	Parameter STE32_ACTIVATES bound to: 0 - type: integer 
INFO: [Synth 8-6157] synthesizing module 'OneBitToFixedBitsRouter_AUTOMATED' [C:/juwan_projects/nexyddr4_working_ca_v1/nexyddr4_working_ca_v1.srcs/sources_1/new/AUTOMATED_RTL.v:24]
	Parameter SELECT_BITS bound to: 2 - type: integer 
INFO: [Synth 8-6155] done synthesizing module 'OneBitToFixedBitsRouter_AUTOMATED' (0#1) [C:/juwan_projects/nexyddr4_working_ca_v1/nexyddr4_working_ca_v1.srcs/sources_1/new/AUTOMATED_RTL.v:24]
INFO: [Synth 8-6157] synthesizing module 'OneBitToFixedBitsRouter_AUTOMATED__parameterized0' [C:/juwan_projects/nexyddr4_working_ca_v1/nexyddr4_working_ca_v1.srcs/sources_1/new/AUTOMATED_RTL.v:24]
	Parameter SELECT_BITS bound to: 4 - type: integer 
INFO: [Synth 8-6155] done synthesizing module 'OneBitToFixedBitsRouter_AUTOMATED__parameterized0' (0#1) [C:/juwan_projects/nexyddr4_working_ca_v1/nexyddr4_working_ca_v1.srcs/sources_1/new/AUTOMATED_RTL.v:24]
INFO: [Synth 8-6157] synthesizing module 'OneBitToFixedBitsRouter_AUTOMATED__parameterized1' [C:/juwan_projects/nexyddr4_working_ca_v1/nexyddr4_working_ca_v1.srcs/sources_1/new/AUTOMATED_RTL.v:24]
	Parameter SELECT_BITS bound to: 0 - type: integer 
INFO: [Synth 8-6155] done synthesizing module 'OneBitToFixedBitsRouter_AUTOMATED__parameterized1' (0#1) [C:/juwan_projects/nexyddr4_working_ca_v1/nexyddr4_working_ca_v1.srcs/sources_1/new/AUTOMATED_RTL.v:24]
INFO: [Synth 8-6157] synthesizing module 'OneBitToFixedBitsRouter_AUTOMATED__parameterized2' [C:/juwan_projects/nexyddr4_working_ca_v1/nexyddr4_working_ca_v1.srcs/sources_1/new/AUTOMATED_RTL.v:24]
	Parameter SELECT_BITS bound to: 16 - type: integer 
INFO: [Synth 8-6155] done synthesizing module 'OneBitToFixedBitsRouter_AUTOMATED__parameterized2' (0#1) [C:/juwan_projects/nexyddr4_working_ca_v1/nexyddr4_working_ca_v1.srcs/sources_1/new/AUTOMATED_RTL.v:24]
INFO: [Synth 8-6157] synthesizing module 'OneBitToFixedBitsRouter_AUTOMATED__parameterized3' [C:/juwan_projects/nexyddr4_working_ca_v1/nexyddr4_working_ca_v1.srcs/sources_1/new/AUTOMATED_RTL.v:24]
	Parameter SELECT_BITS bound to: 32 - type: integer 
INFO: [Synth 8-6155] done synthesizing module 'OneBitToFixedBitsRouter_AUTOMATED__parameterized3' (0#1) [C:/juwan_projects/nexyddr4_working_ca_v1/nexyddr4_working_ca_v1.srcs/sources_1/new/AUTOMATED_RTL.v:24]
INFO: [Synth 8-6157] synthesizing module 'OneBitToFixedBitsRouter_AUTOMATED__parameterized4' [C:/juwan_projects/nexyddr4_working_ca_v1/nexyddr4_working_ca_v1.srcs/sources_1/new/AUTOMATED_RTL.v:24]
	Parameter SELECT_BITS bound to: 128 - type: integer 
INFO: [Synth 8-6155] done synthesizing module 'OneBitToFixedBitsRouter_AUTOMATED__parameterized4' (0#1) [C:/juwan_projects/nexyddr4_working_ca_v1/nexyddr4_working_ca_v1.srcs/sources_1/new/AUTOMATED_RTL.v:24]
INFO: [Synth 8-6157] synthesizing module 'OneBitToFixedBitsRouter_AUTOMATED__parameterized5' [C:/juwan_projects/nexyddr4_working_ca_v1/nexyddr4_working_ca_v1.srcs/sources_1/new/AUTOMATED_RTL.v:24]
	Parameter SELECT_BITS bound to: 256 - type: integer 
INFO: [Synth 8-6155] done synthesizing module 'OneBitToFixedBitsRouter_AUTOMATED__parameterized5' (0#1) [C:/juwan_projects/nexyddr4_working_ca_v1/nexyddr4_working_ca_v1.srcs/sources_1/new/AUTOMATED_RTL.v:24]
INFO: [Synth 8-6157] synthesizing module 'OneBitToFixedBitsRouter_AUTOMATED__parameterized6' [C:/juwan_projects/nexyddr4_working_ca_v1/nexyddr4_working_ca_v1.srcs/sources_1/new/AUTOMATED_RTL.v:24]
	Parameter SELECT_BITS bound to: 512 - type: integer 
INFO: [Synth 8-6155] done synthesizing module 'OneBitToFixedBitsRouter_AUTOMATED__parameterized6' (0#1) [C:/juwan_projects/nexyddr4_working_ca_v1/nexyddr4_working_ca_v1.srcs/sources_1/new/AUTOMATED_RTL.v:24]
INFO: [Synth 8-6157] synthesizing module 'OneBitToFixedBitsRouter_AUTOMATED__parameterized7' [C:/juwan_projects/nexyddr4_working_ca_v1/nexyddr4_working_ca_v1.srcs/sources_1/new/AUTOMATED_RTL.v:24]
	Parameter SELECT_BITS bound to: 2048 - type: integer 
INFO: [Synth 8-6155] done synthesizing module 'OneBitToFixedBitsRouter_AUTOMATED__parameterized7' (0#1) [C:/juwan_projects/nexyddr4_working_ca_v1/nexyddr4_working_ca_v1.srcs/sources_1/new/AUTOMATED_RTL.v:24]
INFO: [Synth 8-6157] synthesizing module 'OneBitToFixedBitsRouter_AUTOMATED__parameterized8' [C:/juwan_projects/nexyddr4_working_ca_v1/nexyddr4_working_ca_v1.srcs/sources_1/new/AUTOMATED_RTL.v:24]
	Parameter SELECT_BITS bound to: 8192 - type: integer 
INFO: [Synth 8-6155] done synthesizing module 'OneBitToFixedBitsRouter_AUTOMATED__parameterized8' (0#1) [C:/juwan_projects/nexyddr4_working_ca_v1/nexyddr4_working_ca_v1.srcs/sources_1/new/AUTOMATED_RTL.v:24]
INFO: [Synth 8-6157] synthesizing module 'OneBitToFixedBitsRouter_AUTOMATED__parameterized9' [C:/juwan_projects/nexyddr4_working_ca_v1/nexyddr4_working_ca_v1.srcs/sources_1/new/AUTOMATED_RTL.v:24]
	Parameter SELECT_BITS bound to: 32768 - type: integer 
INFO: [Synth 8-6155] done synthesizing module 'OneBitToFixedBitsRouter_AUTOMATED__parameterized9' (0#1) [C:/juwan_projects/nexyddr4_working_ca_v1/nexyddr4_working_ca_v1.srcs/sources_1/new/AUTOMATED_RTL.v:24]
INFO: [Synth 8-6157] synthesizing module 'OneBitToFixedBitsRouter_AUTOMATED__parameterized10' [C:/juwan_projects/nexyddr4_working_ca_v1/nexyddr4_working_ca_v1.srcs/sources_1/new/AUTOMATED_RTL.v:24]
	Parameter SELECT_BITS bound to: 65536 - type: integer 
INFO: [Synth 8-6155] done synthesizing module 'OneBitToFixedBitsRouter_AUTOMATED__parameterized10' (0#1) [C:/juwan_projects/nexyddr4_working_ca_v1/nexyddr4_working_ca_v1.srcs/sources_1/new/AUTOMATED_RTL.v:24]
INFO: [Synth 8-6157] synthesizing module 'OneBitToFixedBitsRouter_AUTOMATED__parameterized11' [C:/juwan_projects/nexyddr4_working_ca_v1/nexyddr4_working_ca_v1.srcs/sources_1/new/AUTOMATED_RTL.v:24]
	Parameter SELECT_BITS bound to: 262144 - type: integer 
INFO: [Synth 8-6155] done synthesizing module 'OneBitToFixedBitsRouter_AUTOMATED__parameterized11' (0#1) [C:/juwan_projects/nexyddr4_working_ca_v1/nexyddr4_working_ca_v1.srcs/sources_1/new/AUTOMATED_RTL.v:24]
INFO: [Synth 8-6157] synthesizing module 'OneBitToFixedBitsRouter_AUTOMATED__parameterized12' [C:/juwan_projects/nexyddr4_working_ca_v1/nexyddr4_working_ca_v1.srcs/sources_1/new/AUTOMATED_RTL.v:24]
	Parameter SELECT_BITS bound to: 524288 - type: integer 
INFO: [Synth 8-6155] done synthesizing module 'OneBitToFixedBitsRouter_AUTOMATED__parameterized12' (0#1) [C:/juwan_projects/nexyddr4_working_ca_v1/nexyddr4_working_ca_v1.srcs/sources_1/new/AUTOMATED_RTL.v:24]
INFO: [Synth 8-6157] synthesizing module 'OneBitToFixedBitsRouter_AUTOMATED__parameterized13' [C:/juwan_projects/nexyddr4_working_ca_v1/nexyddr4_working_ca_v1.srcs/sources_1/new/AUTOMATED_RTL.v:24]
	Parameter SELECT_BITS bound to: 2097152 - type: integer 
INFO: [Synth 8-6155] done synthesizing module 'OneBitToFixedBitsRouter_AUTOMATED__parameterized13' (0#1) [C:/juwan_projects/nexyddr4_working_ca_v1/nexyddr4_working_ca_v1.srcs/sources_1/new/AUTOMATED_RTL.v:24]
INFO: [Synth 8-6157] synthesizing module 'OneBitToFixedBitsRouter_AUTOMATED__parameterized14' [C:/juwan_projects/nexyddr4_working_ca_v1/nexyddr4_working_ca_v1.srcs/sources_1/new/AUTOMATED_RTL.v:24]
	Parameter SELECT_BITS bound to: 4194304 - type: integer 
INFO: [Synth 8-6155] done synthesizing module 'OneBitToFixedBitsRouter_AUTOMATED__parameterized14' (0#1) [C:/juwan_projects/nexyddr4_working_ca_v1/nexyddr4_working_ca_v1.srcs/sources_1/new/AUTOMATED_RTL.v:24]
INFO: [Synth 8-6157] synthesizing module 'OneBitToFixedBitsRouter_AUTOMATED__parameterized15' [C:/juwan_projects/nexyddr4_working_ca_v1/nexyddr4_working_ca_v1.srcs/sources_1/new/AUTOMATED_RTL.v:24]
	Parameter SELECT_BITS bound to: 16777216 - type: integer 
INFO: [Synth 8-6155] done synthesizing module 'OneBitToFixedBitsRouter_AUTOMATED__parameterized15' (0#1) [C:/juwan_projects/nexyddr4_working_ca_v1/nexyddr4_working_ca_v1.srcs/sources_1/new/AUTOMATED_RTL.v:24]
INFO: [Synth 8-6157] synthesizing module 'OneBitToFixedBitsRouter_AUTOMATED__parameterized16' [C:/juwan_projects/nexyddr4_working_ca_v1/nexyddr4_working_ca_v1.srcs/sources_1/new/AUTOMATED_RTL.v:24]
	Parameter SELECT_BITS bound to: 33554432 - type: integer 
INFO: [Synth 8-6155] done synthesizing module 'OneBitToFixedBitsRouter_AUTOMATED__parameterized16' (0#1) [C:/juwan_projects/nexyddr4_working_ca_v1/nexyddr4_working_ca_v1.srcs/sources_1/new/AUTOMATED_RTL.v:24]
INFO: [Synth 8-6157] synthesizing module 'OneBitToFixedBitsRouter_AUTOMATED__parameterized17' [C:/juwan_projects/nexyddr4_working_ca_v1/nexyddr4_working_ca_v1.srcs/sources_1/new/AUTOMATED_RTL.v:24]
	Parameter SELECT_BITS bound to: 67108864 - type: integer 
INFO: [Synth 8-6155] done synthesizing module 'OneBitToFixedBitsRouter_AUTOMATED__parameterized17' (0#1) [C:/juwan_projects/nexyddr4_working_ca_v1/nexyddr4_working_ca_v1.srcs/sources_1/new/AUTOMATED_RTL.v:24]
INFO: [Synth 8-6155] done synthesizing module 'Local_Match_AUTOMATED' (0#1) [C:/juwan_projects/nexyddr4_working_ca_v1/nexyddr4_working_ca_v1.srcs/sources_1/new/AUTOMATED_RTL.v:315]
INFO: [Synth 8-6155] done synthesizing module 'CA_Processor_32STE_8bitword' (0#1) [C:/juwan_projects/nexyddr4_working_ca_v1/nexyddr4_working_ca_v1.srcs/sources_1/new/AUTOMATED_RTL.v:547]
INFO: [Synth 8-6155] done synthesizing module 'top_module_fpga' (0#1) [C:/juwan_projects/nexyddr4_working_ca_v1/nexyddr4_working_ca_v1.srcs/sources_1/new/top_module.v:12]
WARNING: [Synth 8-6014] Unused sequential element reg_last_written_data_reg was removed.  [C:/juwan_projects/nexyddr4_working_ca_v1/nexyddr4_working_ca_v1.srcs/sources_1/new/COM.v:652]
WARNING: [Synth 8-6014] Unused sequential element reg_last_written_addr_reg was removed.  [C:/juwan_projects/nexyddr4_working_ca_v1/nexyddr4_working_ca_v1.srcs/sources_1/new/COM.v:653]
WARNING: [Synth 8-7137] Register signal_start_enable_uart_r_reg in module uart_stream_contrl has both Set and reset with same priority. This may cause simulation mismatches. Consider rewriting code  [C:/juwan_projects/nexyddr4_working_ca_v1/nexyddr4_working_ca_v1.srcs/sources_1/new/COM.v:50]
WARNING: [Synth 8-3848] Net pulse_started_sig in module/entity top_module_fpga does not have driver. [C:/juwan_projects/nexyddr4_working_ca_v1/nexyddr4_working_ca_v1.srcs/sources_1/new/top_module.v:141]
WARNING: [Synth 8-7129] Port input_bit in module OneBitToFixedBitsRouter_AUTOMATED__parameterized1 is either unconnected or has no load
WARNING: [Synth 8-7129] Port rst in module Local_Match_AUTOMATED is either unconnected or has no load
WARNING: [Synth 8-7129] Port input_number[255] in module MatchConstant_AUTOMATED__parameterized4 is either unconnected or has no load
WARNING: [Synth 8-7129] Port input_number[254] in module MatchConstant_AUTOMATED__parameterized4 is either unconnected or has no load
WARNING: [Synth 8-7129] Port input_number[253] in module MatchConstant_AUTOMATED__parameterized4 is either unconnected or has no load
WARNING: [Synth 8-7129] Port input_number[252] in module MatchConstant_AUTOMATED__parameterized4 is either unconnected or has no load
WARNING: [Synth 8-7129] Port input_number[251] in module MatchConstant_AUTOMATED__parameterized4 is either unconnected or has no load
WARNING: [Synth 8-7129] Port input_number[250] in module MatchConstant_AUTOMATED__parameterized4 is either unconnected or has no load
WARNING: [Synth 8-7129] Port input_number[249] in module MatchConstant_AUTOMATED__parameterized4 is either unconnected or has no load
WARNING: [Synth 8-7129] Port input_number[248] in module MatchConstant_AUTOMATED__parameterized4 is either unconnected or has no load
WARNING: [Synth 8-7129] Port input_number[247] in module MatchConstant_AUTOMATED__parameterized4 is either unconnected or has no load
WARNING: [Synth 8-7129] Port input_number[246] in module MatchConstant_AUTOMATED__parameterized4 is either unconnected or has no load
WARNING: [Synth 8-7129] Port input_number[245] in module MatchConstant_AUTOMATED__parameterized4 is either unconnected or has no load
WARNING: [Synth 8-7129] Port input_number[244] in module MatchConstant_AUTOMATED__parameterized4 is either unconnected or has no load
WARNING: [Synth 8-7129] Port input_number[243] in module MatchConstant_AUTOMATED__parameterized4 is either unconnected or has no load
WARNING: [Synth 8-7129] Port input_number[242] in module MatchConstant_AUTOMATED__parameterized4 is either unconnected or has no load
WARNING: [Synth 8-7129] Port input_number[241] in module MatchConstant_AUTOMATED__parameterized4 is either unconnected or has no load
WARNING: [Synth 8-7129] Port input_number[240] in module MatchConstant_AUTOMATED__parameterized4 is either unconnected or has no load
WARNING: [Synth 8-7129] Port input_number[239] in module MatchConstant_AUTOMATED__parameterized4 is either unconnected or has no load
WARNING: [Synth 8-7129] Port input_number[238] in module MatchConstant_AUTOMATED__parameterized4 is either unconnected or has no load
WARNING: [Synth 8-7129] Port input_number[237] in module MatchConstant_AUTOMATED__parameterized4 is either unconnected or has no load
WARNING: [Synth 8-7129] Port input_number[236] in module MatchConstant_AUTOMATED__parameterized4 is either unconnected or has no load
WARNING: [Synth 8-7129] Port input_number[235] in module MatchConstant_AUTOMATED__parameterized4 is either unconnected or has no load
WARNING: [Synth 8-7129] Port input_number[234] in module MatchConstant_AUTOMATED__parameterized4 is either unconnected or has no load
WARNING: [Synth 8-7129] Port input_number[233] in module MatchConstant_AUTOMATED__parameterized4 is either unconnected or has no load
WARNING: [Synth 8-7129] Port input_number[232] in module MatchConstant_AUTOMATED__parameterized4 is either unconnected or has no load
WARNING: [Synth 8-7129] Port input_number[231] in module MatchConstant_AUTOMATED__parameterized4 is either unconnected or has no load
WARNING: [Synth 8-7129] Port input_number[230] in module MatchConstant_AUTOMATED__parameterized4 is either unconnected or has no load
WARNING: [Synth 8-7129] Port input_number[229] in module MatchConstant_AUTOMATED__parameterized4 is either unconnected or has no load
WARNING: [Synth 8-7129] Port input_number[228] in module MatchConstant_AUTOMATED__parameterized4 is either unconnected or has no load
WARNING: [Synth 8-7129] Port input_number[227] in module MatchConstant_AUTOMATED__parameterized4 is either unconnected or has no load
WARNING: [Synth 8-7129] Port input_number[226] in module MatchConstant_AUTOMATED__parameterized4 is either unconnected or has no load
WARNING: [Synth 8-7129] Port input_number[225] in module MatchConstant_AUTOMATED__parameterized4 is either unconnected or has no load
WARNING: [Synth 8-7129] Port input_number[224] in module MatchConstant_AUTOMATED__parameterized4 is either unconnected or has no load
WARNING: [Synth 8-7129] Port input_number[223] in module MatchConstant_AUTOMATED__parameterized4 is either unconnected or has no load
WARNING: [Synth 8-7129] Port input_number[222] in module MatchConstant_AUTOMATED__parameterized4 is either unconnected or has no load
WARNING: [Synth 8-7129] Port input_number[221] in module MatchConstant_AUTOMATED__parameterized4 is either unconnected or has no load
WARNING: [Synth 8-7129] Port input_number[220] in module MatchConstant_AUTOMATED__parameterized4 is either unconnected or has no load
WARNING: [Synth 8-7129] Port input_number[219] in module MatchConstant_AUTOMATED__parameterized4 is either unconnected or has no load
WARNING: [Synth 8-7129] Port input_number[218] in module MatchConstant_AUTOMATED__parameterized4 is either unconnected or has no load
WARNING: [Synth 8-7129] Port input_number[217] in module MatchConstant_AUTOMATED__parameterized4 is either unconnected or has no load
WARNING: [Synth 8-7129] Port input_number[216] in module MatchConstant_AUTOMATED__parameterized4 is either unconnected or has no load
WARNING: [Synth 8-7129] Port input_number[215] in module MatchConstant_AUTOMATED__parameterized4 is either unconnected or has no load
WARNING: [Synth 8-7129] Port input_number[214] in module MatchConstant_AUTOMATED__parameterized4 is either unconnected or has no load
WARNING: [Synth 8-7129] Port input_number[213] in module MatchConstant_AUTOMATED__parameterized4 is either unconnected or has no load
WARNING: [Synth 8-7129] Port input_number[212] in module MatchConstant_AUTOMATED__parameterized4 is either unconnected or has no load
WARNING: [Synth 8-7129] Port input_number[211] in module MatchConstant_AUTOMATED__parameterized4 is either unconnected or has no load
WARNING: [Synth 8-7129] Port input_number[210] in module MatchConstant_AUTOMATED__parameterized4 is either unconnected or has no load
WARNING: [Synth 8-7129] Port input_number[209] in module MatchConstant_AUTOMATED__parameterized4 is either unconnected or has no load
WARNING: [Synth 8-7129] Port input_number[208] in module MatchConstant_AUTOMATED__parameterized4 is either unconnected or has no load
WARNING: [Synth 8-7129] Port input_number[207] in module MatchConstant_AUTOMATED__parameterized4 is either unconnected or has no load
WARNING: [Synth 8-7129] Port input_number[206] in module MatchConstant_AUTOMATED__parameterized4 is either unconnected or has no load
WARNING: [Synth 8-7129] Port input_number[205] in module MatchConstant_AUTOMATED__parameterized4 is either unconnected or has no load
WARNING: [Synth 8-7129] Port input_number[204] in module MatchConstant_AUTOMATED__parameterized4 is either unconnected or has no load
WARNING: [Synth 8-7129] Port input_number[203] in module MatchConstant_AUTOMATED__parameterized4 is either unconnected or has no load
WARNING: [Synth 8-7129] Port input_number[202] in module MatchConstant_AUTOMATED__parameterized4 is either unconnected or has no load
WARNING: [Synth 8-7129] Port input_number[201] in module MatchConstant_AUTOMATED__parameterized4 is either unconnected or has no load
WARNING: [Synth 8-7129] Port input_number[200] in module MatchConstant_AUTOMATED__parameterized4 is either unconnected or has no load
WARNING: [Synth 8-7129] Port input_number[199] in module MatchConstant_AUTOMATED__parameterized4 is either unconnected or has no load
WARNING: [Synth 8-7129] Port input_number[198] in module MatchConstant_AUTOMATED__parameterized4 is either unconnected or has no load
WARNING: [Synth 8-7129] Port input_number[197] in module MatchConstant_AUTOMATED__parameterized4 is either unconnected or has no load
WARNING: [Synth 8-7129] Port input_number[196] in module MatchConstant_AUTOMATED__parameterized4 is either unconnected or has no load
WARNING: [Synth 8-7129] Port input_number[195] in module MatchConstant_AUTOMATED__parameterized4 is either unconnected or has no load
WARNING: [Synth 8-7129] Port input_number[194] in module MatchConstant_AUTOMATED__parameterized4 is either unconnected or has no load
WARNING: [Synth 8-7129] Port input_number[193] in module MatchConstant_AUTOMATED__parameterized4 is either unconnected or has no load
WARNING: [Synth 8-7129] Port input_number[192] in module MatchConstant_AUTOMATED__parameterized4 is either unconnected or has no load
WARNING: [Synth 8-7129] Port input_number[191] in module MatchConstant_AUTOMATED__parameterized4 is either unconnected or has no load
WARNING: [Synth 8-7129] Port input_number[190] in module MatchConstant_AUTOMATED__parameterized4 is either unconnected or has no load
WARNING: [Synth 8-7129] Port input_number[189] in module MatchConstant_AUTOMATED__parameterized4 is either unconnected or has no load
WARNING: [Synth 8-7129] Port input_number[188] in module MatchConstant_AUTOMATED__parameterized4 is either unconnected or has no load
WARNING: [Synth 8-7129] Port input_number[187] in module MatchConstant_AUTOMATED__parameterized4 is either unconnected or has no load
WARNING: [Synth 8-7129] Port input_number[186] in module MatchConstant_AUTOMATED__parameterized4 is either unconnected or has no load
WARNING: [Synth 8-7129] Port input_number[185] in module MatchConstant_AUTOMATED__parameterized4 is either unconnected or has no load
WARNING: [Synth 8-7129] Port input_number[184] in module MatchConstant_AUTOMATED__parameterized4 is either unconnected or has no load
WARNING: [Synth 8-7129] Port input_number[183] in module MatchConstant_AUTOMATED__parameterized4 is either unconnected or has no load
WARNING: [Synth 8-7129] Port input_number[182] in module MatchConstant_AUTOMATED__parameterized4 is either unconnected or has no load
WARNING: [Synth 8-7129] Port input_number[181] in module MatchConstant_AUTOMATED__parameterized4 is either unconnected or has no load
WARNING: [Synth 8-7129] Port input_number[180] in module MatchConstant_AUTOMATED__parameterized4 is either unconnected or has no load
WARNING: [Synth 8-7129] Port input_number[179] in module MatchConstant_AUTOMATED__parameterized4 is either unconnected or has no load
WARNING: [Synth 8-7129] Port input_number[178] in module MatchConstant_AUTOMATED__parameterized4 is either unconnected or has no load
WARNING: [Synth 8-7129] Port input_number[177] in module MatchConstant_AUTOMATED__parameterized4 is either unconnected or has no load
WARNING: [Synth 8-7129] Port input_number[176] in module MatchConstant_AUTOMATED__parameterized4 is either unconnected or has no load
WARNING: [Synth 8-7129] Port input_number[175] in module MatchConstant_AUTOMATED__parameterized4 is either unconnected or has no load
WARNING: [Synth 8-7129] Port input_number[174] in module MatchConstant_AUTOMATED__parameterized4 is either unconnected or has no load
WARNING: [Synth 8-7129] Port input_number[173] in module MatchConstant_AUTOMATED__parameterized4 is either unconnected or has no load
WARNING: [Synth 8-7129] Port input_number[172] in module MatchConstant_AUTOMATED__parameterized4 is either unconnected or has no load
WARNING: [Synth 8-7129] Port input_number[171] in module MatchConstant_AUTOMATED__parameterized4 is either unconnected or has no load
WARNING: [Synth 8-7129] Port input_number[170] in module MatchConstant_AUTOMATED__parameterized4 is either unconnected or has no load
WARNING: [Synth 8-7129] Port input_number[169] in module MatchConstant_AUTOMATED__parameterized4 is either unconnected or has no load
WARNING: [Synth 8-7129] Port input_number[168] in module MatchConstant_AUTOMATED__parameterized4 is either unconnected or has no load
WARNING: [Synth 8-7129] Port input_number[167] in module MatchConstant_AUTOMATED__parameterized4 is either unconnected or has no load
WARNING: [Synth 8-7129] Port input_number[166] in module MatchConstant_AUTOMATED__parameterized4 is either unconnected or has no load
WARNING: [Synth 8-7129] Port input_number[165] in module MatchConstant_AUTOMATED__parameterized4 is either unconnected or has no load
WARNING: [Synth 8-7129] Port input_number[164] in module MatchConstant_AUTOMATED__parameterized4 is either unconnected or has no load
WARNING: [Synth 8-7129] Port input_number[163] in module MatchConstant_AUTOMATED__parameterized4 is either unconnected or has no load
WARNING: [Synth 8-7129] Port input_number[162] in module MatchConstant_AUTOMATED__parameterized4 is either unconnected or has no load
WARNING: [Synth 8-7129] Port input_number[161] in module MatchConstant_AUTOMATED__parameterized4 is either unconnected or has no load
WARNING: [Synth 8-7129] Port input_number[160] in module MatchConstant_AUTOMATED__parameterized4 is either unconnected or has no load
WARNING: [Synth 8-7129] Port input_number[159] in module MatchConstant_AUTOMATED__parameterized4 is either unconnected or has no load
WARNING: [Synth 8-7129] Port input_number[158] in module MatchConstant_AUTOMATED__parameterized4 is either unconnected or has no load
INFO: [Common 17-14] Message 'Synth 8-7129' appears 100 times and further instances of the messages will be disabled. Use the Tcl command set_msg_config to change the current settings.
---------------------------------------------------------------------------------
Finished RTL Elaboration : Time (s): cpu = 00:00:08 ; elapsed = 00:00:17 . Memory (MB): peak = 1278.441 ; gain = 0.000
---------------------------------------------------------------------------------
---------------------------------------------------------------------------------
Start Handling Custom Attributes
---------------------------------------------------------------------------------
---------------------------------------------------------------------------------
Finished Handling Custom Attributes : Time (s): cpu = 00:00:08 ; elapsed = 00:00:18 . Memory (MB): peak = 1278.441 ; gain = 0.000
---------------------------------------------------------------------------------
---------------------------------------------------------------------------------
Finished RTL Optimization Phase 1 : Time (s): cpu = 00:00:08 ; elapsed = 00:00:18 . Memory (MB): peak = 1278.441 ; gain = 0.000
---------------------------------------------------------------------------------
Netlist sorting complete. Time (s): cpu = 00:00:00 ; elapsed = 00:00:00.689 . Memory (MB): peak = 1278.441 ; gain = 0.000
INFO: [Project 1-570] Preparing netlist for logic optimization

Processing XDC Constraints
Initializing timing engine
Parsing XDC File [C:/juwan_projects/nexyddr4_working_ca_v1/nexyddr4_working_ca_v1.srcs/constrs_1/imports/Downloads/Nexys4DDR_Master.xdc]
WARNING: [Vivado 12-584] No ports matched 'CPU_RESETN'. [C:/juwan_projects/nexyddr4_working_ca_v1/nexyddr4_working_ca_v1.srcs/constrs_1/imports/Downloads/Nexys4DDR_Master.xdc:57]
CRITICAL WARNING: [Common 17-55] 'set_property' expects at least one object. [C:/juwan_projects/nexyddr4_working_ca_v1/nexyddr4_working_ca_v1.srcs/constrs_1/imports/Downloads/Nexys4DDR_Master.xdc:57]
Resolution: If [get_<value>] was used to populate the object, check to make sure this command returns at least one valid object.
WARNING: [Vivado 12-584] No ports matched 'CPU_RESETN'. [C:/juwan_projects/nexyddr4_working_ca_v1/nexyddr4_working_ca_v1.srcs/constrs_1/imports/Downloads/Nexys4DDR_Master.xdc:58]
CRITICAL WARNING: [Common 17-55] 'set_property' expects at least one object. [C:/juwan_projects/nexyddr4_working_ca_v1/nexyddr4_working_ca_v1.srcs/constrs_1/imports/Downloads/Nexys4DDR_Master.xdc:58]
Resolution: If [get_<value>] was used to populate the object, check to make sure this command returns at least one valid object.
WARNING: [Vivado 12-584] No ports matched 'SEG[0]'. [C:/juwan_projects/nexyddr4_working_ca_v1/nexyddr4_working_ca_v1.srcs/constrs_1/imports/Downloads/Nexys4DDR_Master.xdc:103]
CRITICAL WARNING: [Common 17-55] 'set_property' expects at least one object. [C:/juwan_projects/nexyddr4_working_ca_v1/nexyddr4_working_ca_v1.srcs/constrs_1/imports/Downloads/Nexys4DDR_Master.xdc:103]
Resolution: If [get_<value>] was used to populate the object, check to make sure this command returns at least one valid object.
WARNING: [Vivado 12-584] No ports matched 'SEG[0]'. [C:/juwan_projects/nexyddr4_working_ca_v1/nexyddr4_working_ca_v1.srcs/constrs_1/imports/Downloads/Nexys4DDR_Master.xdc:104]
CRITICAL WARNING: [Common 17-55] 'set_property' expects at least one object. [C:/juwan_projects/nexyddr4_working_ca_v1/nexyddr4_working_ca_v1.srcs/constrs_1/imports/Downloads/Nexys4DDR_Master.xdc:104]
Resolution: If [get_<value>] was used to populate the object, check to make sure this command returns at least one valid object.
WARNING: [Vivado 12-584] No ports matched 'SEG[1]'. [C:/juwan_projects/nexyddr4_working_ca_v1/nexyddr4_working_ca_v1.srcs/constrs_1/imports/Downloads/Nexys4DDR_Master.xdc:105]
CRITICAL WARNING: [Common 17-55] 'set_property' expects at least one object. [C:/juwan_projects/nexyddr4_working_ca_v1/nexyddr4_working_ca_v1.srcs/constrs_1/imports/Downloads/Nexys4DDR_Master.xdc:105]
Resolution: If [get_<value>] was used to populate the object, check to make sure this command returns at least one valid object.
WARNING: [Vivado 12-584] No ports matched 'SEG[1]'. [C:/juwan_projects/nexyddr4_working_ca_v1/nexyddr4_working_ca_v1.srcs/constrs_1/imports/Downloads/Nexys4DDR_Master.xdc:106]
CRITICAL WARNING: [Common 17-55] 'set_property' expects at least one object. [C:/juwan_projects/nexyddr4_working_ca_v1/nexyddr4_working_ca_v1.srcs/constrs_1/imports/Downloads/Nexys4DDR_Master.xdc:106]
Resolution: If [get_<value>] was used to populate the object, check to make sure this command returns at least one valid object.
WARNING: [Vivado 12-584] No ports matched 'SEG[2]'. [C:/juwan_projects/nexyddr4_working_ca_v1/nexyddr4_working_ca_v1.srcs/constrs_1/imports/Downloads/Nexys4DDR_Master.xdc:107]
CRITICAL WARNING: [Common 17-55] 'set_property' expects at least one object. [C:/juwan_projects/nexyddr4_working_ca_v1/nexyddr4_working_ca_v1.srcs/constrs_1/imports/Downloads/Nexys4DDR_Master.xdc:107]
Resolution: If [get_<value>] was used to populate the object, check to make sure this command returns at least one valid object.
WARNING: [Vivado 12-584] No ports matched 'SEG[2]'. [C:/juwan_projects/nexyddr4_working_ca_v1/nexyddr4_working_ca_v1.srcs/constrs_1/imports/Downloads/Nexys4DDR_Master.xdc:108]
CRITICAL WARNING: [Common 17-55] 'set_property' expects at least one object. [C:/juwan_projects/nexyddr4_working_ca_v1/nexyddr4_working_ca_v1.srcs/constrs_1/imports/Downloads/Nexys4DDR_Master.xdc:108]
Resolution: If [get_<value>] was used to populate the object, check to make sure this command returns at least one valid object.
WARNING: [Vivado 12-584] No ports matched 'SEG[3]'. [C:/juwan_projects/nexyddr4_working_ca_v1/nexyddr4_working_ca_v1.srcs/constrs_1/imports/Downloads/Nexys4DDR_Master.xdc:109]
CRITICAL WARNING: [Common 17-55] 'set_property' expects at least one object. [C:/juwan_projects/nexyddr4_working_ca_v1/nexyddr4_working_ca_v1.srcs/constrs_1/imports/Downloads/Nexys4DDR_Master.xdc:109]
Resolution: If [get_<value>] was used to populate the object, check to make sure this command returns at least one valid object.
WARNING: [Vivado 12-584] No ports matched 'SEG[3]'. [C:/juwan_projects/nexyddr4_working_ca_v1/nexyddr4_working_ca_v1.srcs/constrs_1/imports/Downloads/Nexys4DDR_Master.xdc:110]
CRITICAL WARNING: [Common 17-55] 'set_property' expects at least one object. [C:/juwan_projects/nexyddr4_working_ca_v1/nexyddr4_working_ca_v1.srcs/constrs_1/imports/Downloads/Nexys4DDR_Master.xdc:110]
Resolution: If [get_<value>] was used to populate the object, check to make sure this command returns at least one valid object.
WARNING: [Vivado 12-584] No ports matched 'SEG[4]'. [C:/juwan_projects/nexyddr4_working_ca_v1/nexyddr4_working_ca_v1.srcs/constrs_1/imports/Downloads/Nexys4DDR_Master.xdc:111]
CRITICAL WARNING: [Common 17-55] 'set_property' expects at least one object. [C:/juwan_projects/nexyddr4_working_ca_v1/nexyddr4_working_ca_v1.srcs/constrs_1/imports/Downloads/Nexys4DDR_Master.xdc:111]
Resolution: If [get_<value>] was used to populate the object, check to make sure this command returns at least one valid object.
WARNING: [Vivado 12-584] No ports matched 'SEG[4]'. [C:/juwan_projects/nexyddr4_working_ca_v1/nexyddr4_working_ca_v1.srcs/constrs_1/imports/Downloads/Nexys4DDR_Master.xdc:112]
CRITICAL WARNING: [Common 17-55] 'set_property' expects at least one object. [C:/juwan_projects/nexyddr4_working_ca_v1/nexyddr4_working_ca_v1.srcs/constrs_1/imports/Downloads/Nexys4DDR_Master.xdc:112]
Resolution: If [get_<value>] was used to populate the object, check to make sure this command returns at least one valid object.
WARNING: [Vivado 12-584] No ports matched 'SEG[5]'. [C:/juwan_projects/nexyddr4_working_ca_v1/nexyddr4_working_ca_v1.srcs/constrs_1/imports/Downloads/Nexys4DDR_Master.xdc:113]
CRITICAL WARNING: [Common 17-55] 'set_property' expects at least one object. [C:/juwan_projects/nexyddr4_working_ca_v1/nexyddr4_working_ca_v1.srcs/constrs_1/imports/Downloads/Nexys4DDR_Master.xdc:113]
Resolution: If [get_<value>] was used to populate the object, check to make sure this command returns at least one valid object.
WARNING: [Vivado 12-584] No ports matched 'SEG[5]'. [C:/juwan_projects/nexyddr4_working_ca_v1/nexyddr4_working_ca_v1.srcs/constrs_1/imports/Downloads/Nexys4DDR_Master.xdc:114]
CRITICAL WARNING: [Common 17-55] 'set_property' expects at least one object. [C:/juwan_projects/nexyddr4_working_ca_v1/nexyddr4_working_ca_v1.srcs/constrs_1/imports/Downloads/Nexys4DDR_Master.xdc:114]
Resolution: If [get_<value>] was used to populate the object, check to make sure this command returns at least one valid object.
WARNING: [Vivado 12-584] No ports matched 'SEG[6]'. [C:/juwan_projects/nexyddr4_working_ca_v1/nexyddr4_working_ca_v1.srcs/constrs_1/imports/Downloads/Nexys4DDR_Master.xdc:115]
CRITICAL WARNING: [Common 17-55] 'set_property' expects at least one object. [C:/juwan_projects/nexyddr4_working_ca_v1/nexyddr4_working_ca_v1.srcs/constrs_1/imports/Downloads/Nexys4DDR_Master.xdc:115]
Resolution: If [get_<value>] was used to populate the object, check to make sure this command returns at least one valid object.
WARNING: [Vivado 12-584] No ports matched 'SEG[6]'. [C:/juwan_projects/nexyddr4_working_ca_v1/nexyddr4_working_ca_v1.srcs/constrs_1/imports/Downloads/Nexys4DDR_Master.xdc:116]
CRITICAL WARNING: [Common 17-55] 'set_property' expects at least one object. [C:/juwan_projects/nexyddr4_working_ca_v1/nexyddr4_working_ca_v1.srcs/constrs_1/imports/Downloads/Nexys4DDR_Master.xdc:116]
Resolution: If [get_<value>] was used to populate the object, check to make sure this command returns at least one valid object.
WARNING: [Vivado 12-584] No ports matched 'DP'. [C:/juwan_projects/nexyddr4_working_ca_v1/nexyddr4_working_ca_v1.srcs/constrs_1/imports/Downloads/Nexys4DDR_Master.xdc:118]
CRITICAL WARNING: [Common 17-55] 'set_property' expects at least one object. [C:/juwan_projects/nexyddr4_working_ca_v1/nexyddr4_working_ca_v1.srcs/constrs_1/imports/Downloads/Nexys4DDR_Master.xdc:118]
Resolution: If [get_<value>] was used to populate the object, check to make sure this command returns at least one valid object.
WARNING: [Vivado 12-584] No ports matched 'DP'. [C:/juwan_projects/nexyddr4_working_ca_v1/nexyddr4_working_ca_v1.srcs/constrs_1/imports/Downloads/Nexys4DDR_Master.xdc:119]
CRITICAL WARNING: [Common 17-55] 'set_property' expects at least one object. [C:/juwan_projects/nexyddr4_working_ca_v1/nexyddr4_working_ca_v1.srcs/constrs_1/imports/Downloads/Nexys4DDR_Master.xdc:119]
Resolution: If [get_<value>] was used to populate the object, check to make sure this command returns at least one valid object.
WARNING: [Vivado 12-584] No ports matched 'AN[0]'. [C:/juwan_projects/nexyddr4_working_ca_v1/nexyddr4_working_ca_v1.srcs/constrs_1/imports/Downloads/Nexys4DDR_Master.xdc:121]
CRITICAL WARNING: [Common 17-55] 'set_property' expects at least one object. [C:/juwan_projects/nexyddr4_working_ca_v1/nexyddr4_working_ca_v1.srcs/constrs_1/imports/Downloads/Nexys4DDR_Master.xdc:121]
Resolution: If [get_<value>] was used to populate the object, check to make sure this command returns at least one valid object.
WARNING: [Vivado 12-584] No ports matched 'AN[0]'. [C:/juwan_projects/nexyddr4_working_ca_v1/nexyddr4_working_ca_v1.srcs/constrs_1/imports/Downloads/Nexys4DDR_Master.xdc:122]
CRITICAL WARNING: [Common 17-55] 'set_property' expects at least one object. [C:/juwan_projects/nexyddr4_working_ca_v1/nexyddr4_working_ca_v1.srcs/constrs_1/imports/Downloads/Nexys4DDR_Master.xdc:122]
Resolution: If [get_<value>] was used to populate the object, check to make sure this command returns at least one valid object.
WARNING: [Vivado 12-584] No ports matched 'AN[1]'. [C:/juwan_projects/nexyddr4_working_ca_v1/nexyddr4_working_ca_v1.srcs/constrs_1/imports/Downloads/Nexys4DDR_Master.xdc:123]
CRITICAL WARNING: [Common 17-55] 'set_property' expects at least one object. [C:/juwan_projects/nexyddr4_working_ca_v1/nexyddr4_working_ca_v1.srcs/constrs_1/imports/Downloads/Nexys4DDR_Master.xdc:123]
Resolution: If [get_<value>] was used to populate the object, check to make sure this command returns at least one valid object.
WARNING: [Vivado 12-584] No ports matched 'AN[1]'. [C:/juwan_projects/nexyddr4_working_ca_v1/nexyddr4_working_ca_v1.srcs/constrs_1/imports/Downloads/Nexys4DDR_Master.xdc:124]
CRITICAL WARNING: [Common 17-55] 'set_property' expects at least one object. [C:/juwan_projects/nexyddr4_working_ca_v1/nexyddr4_working_ca_v1.srcs/constrs_1/imports/Downloads/Nexys4DDR_Master.xdc:124]
Resolution: If [get_<value>] was used to populate the object, check to make sure this command returns at least one valid object.
WARNING: [Vivado 12-584] No ports matched 'AN[2]'. [C:/juwan_projects/nexyddr4_working_ca_v1/nexyddr4_working_ca_v1.srcs/constrs_1/imports/Downloads/Nexys4DDR_Master.xdc:125]
CRITICAL WARNING: [Common 17-55] 'set_property' expects at least one object. [C:/juwan_projects/nexyddr4_working_ca_v1/nexyddr4_working_ca_v1.srcs/constrs_1/imports/Downloads/Nexys4DDR_Master.xdc:125]
Resolution: If [get_<value>] was used to populate the object, check to make sure this command returns at least one valid object.
WARNING: [Vivado 12-584] No ports matched 'AN[2]'. [C:/juwan_projects/nexyddr4_working_ca_v1/nexyddr4_working_ca_v1.srcs/constrs_1/imports/Downloads/Nexys4DDR_Master.xdc:126]
CRITICAL WARNING: [Common 17-55] 'set_property' expects at least one object. [C:/juwan_projects/nexyddr4_working_ca_v1/nexyddr4_working_ca_v1.srcs/constrs_1/imports/Downloads/Nexys4DDR_Master.xdc:126]
Resolution: If [get_<value>] was used to populate the object, check to make sure this command returns at least one valid object.
WARNING: [Vivado 12-584] No ports matched 'AN[3]'. [C:/juwan_projects/nexyddr4_working_ca_v1/nexyddr4_working_ca_v1.srcs/constrs_1/imports/Downloads/Nexys4DDR_Master.xdc:127]
CRITICAL WARNING: [Common 17-55] 'set_property' expects at least one object. [C:/juwan_projects/nexyddr4_working_ca_v1/nexyddr4_working_ca_v1.srcs/constrs_1/imports/Downloads/Nexys4DDR_Master.xdc:127]
Resolution: If [get_<value>] was used to populate the object, check to make sure this command returns at least one valid object.
WARNING: [Vivado 12-584] No ports matched 'AN[3]'. [C:/juwan_projects/nexyddr4_working_ca_v1/nexyddr4_working_ca_v1.srcs/constrs_1/imports/Downloads/Nexys4DDR_Master.xdc:128]
CRITICAL WARNING: [Common 17-55] 'set_property' expects at least one object. [C:/juwan_projects/nexyddr4_working_ca_v1/nexyddr4_working_ca_v1.srcs/constrs_1/imports/Downloads/Nexys4DDR_Master.xdc:128]
Resolution: If [get_<value>] was used to populate the object, check to make sure this command returns at least one valid object.
WARNING: [Vivado 12-584] No ports matched 'AN[4]'. [C:/juwan_projects/nexyddr4_working_ca_v1/nexyddr4_working_ca_v1.srcs/constrs_1/imports/Downloads/Nexys4DDR_Master.xdc:130]
CRITICAL WARNING: [Common 17-55] 'set_property' expects at least one object. [C:/juwan_projects/nexyddr4_working_ca_v1/nexyddr4_working_ca_v1.srcs/constrs_1/imports/Downloads/Nexys4DDR_Master.xdc:130]
Resolution: If [get_<value>] was used to populate the object, check to make sure this command returns at least one valid object.
WARNING: [Vivado 12-584] No ports matched 'AN[4]'. [C:/juwan_projects/nexyddr4_working_ca_v1/nexyddr4_working_ca_v1.srcs/constrs_1/imports/Downloads/Nexys4DDR_Master.xdc:131]
CRITICAL WARNING: [Common 17-55] 'set_property' expects at least one object. [C:/juwan_projects/nexyddr4_working_ca_v1/nexyddr4_working_ca_v1.srcs/constrs_1/imports/Downloads/Nexys4DDR_Master.xdc:131]
Resolution: If [get_<value>] was used to populate the object, check to make sure this command returns at least one valid object.
WARNING: [Vivado 12-584] No ports matched 'AN[5]'. [C:/juwan_projects/nexyddr4_working_ca_v1/nexyddr4_working_ca_v1.srcs/constrs_1/imports/Downloads/Nexys4DDR_Master.xdc:132]
CRITICAL WARNING: [Common 17-55] 'set_property' expects at least one object. [C:/juwan_projects/nexyddr4_working_ca_v1/nexyddr4_working_ca_v1.srcs/constrs_1/imports/Downloads/Nexys4DDR_Master.xdc:132]
Resolution: If [get_<value>] was used to populate the object, check to make sure this command returns at least one valid object.
WARNING: [Vivado 12-584] No ports matched 'AN[5]'. [C:/juwan_projects/nexyddr4_working_ca_v1/nexyddr4_working_ca_v1.srcs/constrs_1/imports/Downloads/Nexys4DDR_Master.xdc:133]
CRITICAL WARNING: [Common 17-55] 'set_property' expects at least one object. [C:/juwan_projects/nexyddr4_working_ca_v1/nexyddr4_working_ca_v1.srcs/constrs_1/imports/Downloads/Nexys4DDR_Master.xdc:133]
Resolution: If [get_<value>] was used to populate the object, check to make sure this command returns at least one valid object.
WARNING: [Vivado 12-584] No ports matched 'AN[6]'. [C:/juwan_projects/nexyddr4_working_ca_v1/nexyddr4_working_ca_v1.srcs/constrs_1/imports/Downloads/Nexys4DDR_Master.xdc:134]
CRITICAL WARNING: [Common 17-55] 'set_property' expects at least one object. [C:/juwan_projects/nexyddr4_working_ca_v1/nexyddr4_working_ca_v1.srcs/constrs_1/imports/Downloads/Nexys4DDR_Master.xdc:134]
Resolution: If [get_<value>] was used to populate the object, check to make sure this command returns at least one valid object.
WARNING: [Vivado 12-584] No ports matched 'AN[6]'. [C:/juwan_projects/nexyddr4_working_ca_v1/nexyddr4_working_ca_v1.srcs/constrs_1/imports/Downloads/Nexys4DDR_Master.xdc:135]
CRITICAL WARNING: [Common 17-55] 'set_property' expects at least one object. [C:/juwan_projects/nexyddr4_working_ca_v1/nexyddr4_working_ca_v1.srcs/constrs_1/imports/Downloads/Nexys4DDR_Master.xdc:135]
Resolution: If [get_<value>] was used to populate the object, check to make sure this command returns at least one valid object.
WARNING: [Vivado 12-584] No ports matched 'AN[7]'. [C:/juwan_projects/nexyddr4_working_ca_v1/nexyddr4_working_ca_v1.srcs/constrs_1/imports/Downloads/Nexys4DDR_Master.xdc:136]
CRITICAL WARNING: [Common 17-55] 'set_property' expects at least one object. [C:/juwan_projects/nexyddr4_working_ca_v1/nexyddr4_working_ca_v1.srcs/constrs_1/imports/Downloads/Nexys4DDR_Master.xdc:136]
Resolution: If [get_<value>] was used to populate the object, check to make sure this command returns at least one valid object.
WARNING: [Vivado 12-584] No ports matched 'AN[7]'. [C:/juwan_projects/nexyddr4_working_ca_v1/nexyddr4_working_ca_v1.srcs/constrs_1/imports/Downloads/Nexys4DDR_Master.xdc:137]
CRITICAL WARNING: [Common 17-55] 'set_property' expects at least one object. [C:/juwan_projects/nexyddr4_working_ca_v1/nexyddr4_working_ca_v1.srcs/constrs_1/imports/Downloads/Nexys4DDR_Master.xdc:137]
Resolution: If [get_<value>] was used to populate the object, check to make sure this command returns at least one valid object.
Finished Parsing XDC File [C:/juwan_projects/nexyddr4_working_ca_v1/nexyddr4_working_ca_v1.srcs/constrs_1/imports/Downloads/Nexys4DDR_Master.xdc]
INFO: [Project 1-236] Implementation specific constraints were found while reading constraint file [C:/juwan_projects/nexyddr4_working_ca_v1/nexyddr4_working_ca_v1.srcs/constrs_1/imports/Downloads/Nexys4DDR_Master.xdc]. These constraints will be ignored for synthesis but will be used in implementation. Impacted constraints are listed in the file [.Xil/top_module_fpga_propImpl.xdc].
Resolution: To avoid this warning, move constraints listed in [.Xil/top_module_fpga_propImpl.xdc] to another XDC file and exclude this new file from synthesis with the used_in_synthesis property (File Properties dialog in GUI) and re-run elaboration/synthesis.
Completed Processing XDC Constraints

Netlist sorting complete. Time (s): cpu = 00:00:00 ; elapsed = 00:00:00.001 . Memory (MB): peak = 1336.355 ; gain = 0.000
INFO: [Project 1-111] Unisim Transformation Summary:
No Unisim elements were transformed.

Constraint Validation Runtime : Time (s): cpu = 00:00:00 ; elapsed = 00:00:00.011 . Memory (MB): peak = 1336.355 ; gain = 0.000
INFO: [Designutils 20-5440] No compile time benefit to using incremental synthesis; A full resynthesis will be run
INFO: [Designutils 20-4379] Flow is switching to default flow due to incremental criteria not met. If you would like to alter this behaviour and have the flow terminate instead, please set the following parameter config_implementation {autoIncr.Synth.RejectBehavior Terminate}
---------------------------------------------------------------------------------
Finished Constraint Validation : Time (s): cpu = 00:00:20 ; elapsed = 00:00:40 . Memory (MB): peak = 1336.355 ; gain = 57.914
---------------------------------------------------------------------------------
---------------------------------------------------------------------------------
Start Loading Part and Timing Information
---------------------------------------------------------------------------------
Loading part: xc7a100tcsg324-1
---------------------------------------------------------------------------------
Finished Loading Part and Timing Information : Time (s): cpu = 00:00:20 ; elapsed = 00:00:40 . Memory (MB): peak = 1336.355 ; gain = 57.914
---------------------------------------------------------------------------------
---------------------------------------------------------------------------------
Start Applying 'set_property' XDC Constraints
---------------------------------------------------------------------------------
---------------------------------------------------------------------------------
Finished applying 'set_property' XDC Constraints : Time (s): cpu = 00:00:20 ; elapsed = 00:00:40 . Memory (MB): peak = 1336.355 ; gain = 57.914
---------------------------------------------------------------------------------
INFO: [Synth 8-802] inferred FSM for state register 'state_reg' in module 'uart_state_machine'
---------------------------------------------------------------------------------------------------
                   State |                     New Encoding |                Previous Encoding 
---------------------------------------------------------------------------------------------------
              IDLE_STATE |                                0 |                               00
              BUSY_STATE |                                1 |                               01
---------------------------------------------------------------------------------------------------
INFO: [Synth 8-3354] encoded FSM with state register 'state_reg' using encoding 'sequential' in module 'uart_state_machine'
---------------------------------------------------------------------------------
Finished RTL Optimization Phase 2 : Time (s): cpu = 00:00:20 ; elapsed = 00:00:42 . Memory (MB): peak = 1336.355 ; gain = 57.914
---------------------------------------------------------------------------------
INFO: [Synth 8-223] decloning instance 'CA_p_v1/word_to_STE_sensed/match_STE1' (MatchConstant_AUTOMATED) to 'CA_p_v1/word_to_STE_sensed/match_STE4'
INFO: [Synth 8-223] decloning instance 'CA_p_v1/word_to_STE_sensed/match_STE1' (MatchConstant_AUTOMATED) to 'CA_p_v1/word_to_STE_sensed/match_STE7'
INFO: [Synth 8-223] decloning instance 'CA_p_v1/word_to_STE_sensed/match_STE2' (MatchConstant_AUTOMATED__parameterized0) to 'CA_p_v1/word_to_STE_sensed/match_STE5'
INFO: [Synth 8-223] decloning instance 'CA_p_v1/word_to_STE_sensed/match_STE2' (MatchConstant_AUTOMATED__parameterized0) to 'CA_p_v1/word_to_STE_sensed/match_STE8'
INFO: [Synth 8-223] decloning instance 'CA_p_v1/word_to_STE_sensed/match_STE2' (MatchConstant_AUTOMATED__parameterized0) to 'CA_p_v1/word_to_STE_sensed/match_STE11'
INFO: [Synth 8-223] decloning instance 'CA_p_v1/word_to_STE_sensed/match_STE2' (MatchConstant_AUTOMATED__parameterized0) to 'CA_p_v1/word_to_STE_sensed/match_STE13'
INFO: [Synth 8-223] decloning instance 'CA_p_v1/word_to_STE_sensed/match_STE2' (MatchConstant_AUTOMATED__parameterized0) to 'CA_p_v1/word_to_STE_sensed/match_STE15'
INFO: [Synth 8-223] decloning instance 'CA_p_v1/word_to_STE_sensed/match_STE2' (MatchConstant_AUTOMATED__parameterized0) to 'CA_p_v1/word_to_STE_sensed/match_STE19'
INFO: [Synth 8-223] decloning instance 'CA_p_v1/word_to_STE_sensed/match_STE2' (MatchConstant_AUTOMATED__parameterized0) to 'CA_p_v1/word_to_STE_sensed/match_STE22'
INFO: [Synth 8-223] decloning instance 'CA_p_v1/word_to_STE_sensed/match_STE2' (MatchConstant_AUTOMATED__parameterized0) to 'CA_p_v1/word_to_STE_sensed/match_STE25'
INFO: [Synth 8-223] decloning instance 'CA_p_v1/word_to_STE_sensed/match_STE3' (MatchConstant_AUTOMATED__parameterized1) to 'CA_p_v1/word_to_STE_sensed/match_STE10'
INFO: [Synth 8-223] decloning instance 'CA_p_v1/word_to_STE_sensed/match_STE3' (MatchConstant_AUTOMATED__parameterized1) to 'CA_p_v1/word_to_STE_sensed/match_STE14'
INFO: [Synth 8-223] decloning instance 'CA_p_v1/word_to_STE_sensed/match_STE3' (MatchConstant_AUTOMATED__parameterized1) to 'CA_p_v1/word_to_STE_sensed/match_STE17'
INFO: [Synth 8-223] decloning instance 'CA_p_v1/word_to_STE_sensed/match_STE3' (MatchConstant_AUTOMATED__parameterized1) to 'CA_p_v1/word_to_STE_sensed/match_STE23'
INFO: [Synth 8-223] decloning instance 'CA_p_v1/word_to_STE_sensed/match_STE3' (MatchConstant_AUTOMATED__parameterized1) to 'CA_p_v1/word_to_STE_sensed/match_STE27'
INFO: [Synth 8-223] decloning instance 'CA_p_v1/word_to_STE_sensed/match_STE6' (MatchConstant_AUTOMATED__parameterized2) to 'CA_p_v1/word_to_STE_sensed/match_STE9'
INFO: [Synth 8-223] decloning instance 'CA_p_v1/word_to_STE_sensed/match_STE6' (MatchConstant_AUTOMATED__parameterized2) to 'CA_p_v1/word_to_STE_sensed/match_STE12'
INFO: [Synth 8-223] decloning instance 'CA_p_v1/word_to_STE_sensed/match_STE6' (MatchConstant_AUTOMATED__parameterized2) to 'CA_p_v1/word_to_STE_sensed/match_STE16'
INFO: [Synth 8-223] decloning instance 'CA_p_v1/word_to_STE_sensed/match_STE6' (MatchConstant_AUTOMATED__parameterized2) to 'CA_p_v1/word_to_STE_sensed/match_STE20'
INFO: [Synth 8-223] decloning instance 'CA_p_v1/word_to_STE_sensed/match_STE6' (MatchConstant_AUTOMATED__parameterized2) to 'CA_p_v1/word_to_STE_sensed/match_STE26'
INFO: [Synth 8-223] decloning instance 'CA_p_v1/word_to_STE_sensed/match_STE18' (MatchConstant_AUTOMATED__parameterized3) to 'CA_p_v1/word_to_STE_sensed/match_STE21'
INFO: [Synth 8-223] decloning instance 'CA_p_v1/word_to_STE_sensed/match_STE18' (MatchConstant_AUTOMATED__parameterized3) to 'CA_p_v1/word_to_STE_sensed/match_STE24'
INFO: [Synth 8-223] decloning instance 'CA_p_v1/word_to_STE_sensed/match_STE28' (MatchConstant_AUTOMATED__parameterized4) to 'CA_p_v1/word_to_STE_sensed/match_STE29'
INFO: [Synth 8-223] decloning instance 'CA_p_v1/word_to_STE_sensed/match_STE28' (MatchConstant_AUTOMATED__parameterized4) to 'CA_p_v1/word_to_STE_sensed/match_STE30'
INFO: [Synth 8-223] decloning instance 'CA_p_v1/word_to_STE_sensed/match_STE28' (MatchConstant_AUTOMATED__parameterized4) to 'CA_p_v1/word_to_STE_sensed/match_STE31'
INFO: [Synth 8-223] decloning instance 'CA_p_v1/word_to_STE_sensed/match_STE28' (MatchConstant_AUTOMATED__parameterized4) to 'CA_p_v1/word_to_STE_sensed/match_STE32'
---------------------------------------------------------------------------------
Start RTL Component Statistics 
---------------------------------------------------------------------------------
Detailed RTL Component Info : 
+---Adders : 
	   2 Input   26 Bit       Adders := 1     
	   2 Input   10 Bit       Adders := 1     
	   2 Input    8 Bit       Adders := 2     
+---Registers : 
	               32 Bit    Registers := 3     
	               26 Bit    Registers := 1     
	               12 Bit    Registers := 1     
	                8 Bit    Registers := 17    
	                2 Bit    Registers := 1     
	                1 Bit    Registers := 7     
+---RAMs : 
	               2K Bit	(256 X 8 bit)          RAMs := 3     
+---Muxes : 
	   2 Input   26 Bit        Muxes := 1     
	   2 Input    8 Bit        Muxes := 5     
	   2 Input    2 Bit        Muxes := 2     
	   2 Input    1 Bit        Muxes := 12    
---------------------------------------------------------------------------------
Finished RTL Component Statistics 
---------------------------------------------------------------------------------
---------------------------------------------------------------------------------
Start Part Resource Summary
---------------------------------------------------------------------------------
Part Resources:
DSPs: 240 (col length:80)
BRAMs: 270 (col length: RAMB18 80 RAMB36 40)
---------------------------------------------------------------------------------
Finished Part Resource Summary
---------------------------------------------------------------------------------
---------------------------------------------------------------------------------
Start Cross Boundary and Area Optimization
---------------------------------------------------------------------------------
WARNING: [Synth 8-7080] Parallel synthesis criteria is not met
---------------------------------------------------------------------------------
Finished Cross Boundary and Area Optimization : Time (s): cpu = 00:00:24 ; elapsed = 00:00:50 . Memory (MB): peak = 1336.355 ; gain = 57.914
---------------------------------------------------------------------------------
---------------------------------------------------------------------------------
Start ROM, RAM, DSP, Shift Register and Retiming Reporting
---------------------------------------------------------------------------------

Block RAM: Preliminary Mapping Report (see note below)
+----------------+-------------------------------------+------------------------+---+---+------------------------+---+---+------------------+--------+--------+
|Module Name     | RTL Object                          | PORT A (Depth x Width) | W | R | PORT B (Depth x Width) | W | R | Ports driving FF | RAMB18 | RAMB36 | 
+----------------+-------------------------------------+------------------------+---+---+------------------------+---+---+------------------+--------+--------+
|BRAM:           | memory_reg                          | 256 x 8(READ_FIRST)    | W | R |                        |   |   | Port A           | 1      | 0      | 
|top_module_fpga | bram_Read_write_count_b1/memory_reg | 256 x 8(READ_FIRST)    | W | R |                        |   |   | Port A           | 1      | 0      | 
|top_module_fpga | bram_Read_write_w1/memory_reg       | 256 x 8(READ_FIRST)    | W | R |                        |   |   | Port A           | 1      | 0      | 
+----------------+-------------------------------------+------------------------+---+---+------------------------+---+---+------------------+--------+--------+

Note: The table above is a preliminary report that shows the Block RAMs at the current stage of the synthesis flow. Some Block RAMs may be reimplemented as non Block RAM primitives later in the synthesis flow. Multiple instantiated Block RAMs are reported only once. 
---------------------------------------------------------------------------------
Finished ROM, RAM, DSP, Shift Register and Retiming Reporting
---------------------------------------------------------------------------------
---------------------------------------------------------------------------------
Start Applying XDC Timing Constraints
---------------------------------------------------------------------------------
---------------------------------------------------------------------------------
Finished Applying XDC Timing Constraints : Time (s): cpu = 00:00:30 ; elapsed = 00:01:02 . Memory (MB): peak = 1336.355 ; gain = 57.914
---------------------------------------------------------------------------------
---------------------------------------------------------------------------------
Start Timing Optimization
---------------------------------------------------------------------------------
---------------------------------------------------------------------------------
Finished Timing Optimization : Time (s): cpu = 00:00:30 ; elapsed = 00:01:02 . Memory (MB): peak = 1336.355 ; gain = 57.914
---------------------------------------------------------------------------------
---------------------------------------------------------------------------------
Start ROM, RAM, DSP, Shift Register and Retiming Reporting
---------------------------------------------------------------------------------

Block RAM: Final Mapping Report
+----------------+-------------------------------------+------------------------+---+---+------------------------+---+---+------------------+--------+--------+
|Module Name     | RTL Object                          | PORT A (Depth x Width) | W | R | PORT B (Depth x Width) | W | R | Ports driving FF | RAMB18 | RAMB36 | 
+----------------+-------------------------------------+------------------------+---+---+------------------------+---+---+------------------+--------+--------+
|BRAM:           | memory_reg                          | 256 x 8(READ_FIRST)    | W | R |                        |   |   | Port A           | 1      | 0      | 
|top_module_fpga | bram_Read_write_count_b1/memory_reg | 256 x 8(READ_FIRST)    | W | R |                        |   |   | Port A           | 1      | 0      | 
|top_module_fpga | bram_Read_write_w1/memory_reg       | 256 x 8(READ_FIRST)    | W | R |                        |   |   | Port A           | 1      | 0      | 
+----------------+-------------------------------------+------------------------+---+---+------------------------+---+---+------------------+--------+--------+

---------------------------------------------------------------------------------
Finished ROM, RAM, DSP, Shift Register and Retiming Reporting
---------------------------------------------------------------------------------
---------------------------------------------------------------------------------
Start Technology Mapping
---------------------------------------------------------------------------------
---------------------------------------------------------------------------------
Finished Technology Mapping : Time (s): cpu = 00:00:30 ; elapsed = 00:01:02 . Memory (MB): peak = 1336.355 ; gain = 57.914
---------------------------------------------------------------------------------
---------------------------------------------------------------------------------
Start IO Insertion
---------------------------------------------------------------------------------
---------------------------------------------------------------------------------
Start Flattening Before IO Insertion
---------------------------------------------------------------------------------
---------------------------------------------------------------------------------
Finished Flattening Before IO Insertion
---------------------------------------------------------------------------------
---------------------------------------------------------------------------------
Start Final Netlist Cleanup
---------------------------------------------------------------------------------
---------------------------------------------------------------------------------
Finished Final Netlist Cleanup
---------------------------------------------------------------------------------
---------------------------------------------------------------------------------
Finished IO Insertion : Time (s): cpu = 00:00:35 ; elapsed = 00:01:12 . Memory (MB): peak = 1336.355 ; gain = 57.914
---------------------------------------------------------------------------------
---------------------------------------------------------------------------------
Start Renaming Generated Instances
---------------------------------------------------------------------------------
---------------------------------------------------------------------------------
Finished Renaming Generated Instances : Time (s): cpu = 00:00:35 ; elapsed = 00:01:12 . Memory (MB): peak = 1336.355 ; gain = 57.914
---------------------------------------------------------------------------------
---------------------------------------------------------------------------------
Start Rebuilding User Hierarchy
---------------------------------------------------------------------------------
---------------------------------------------------------------------------------
Finished Rebuilding User Hierarchy : Time (s): cpu = 00:00:35 ; elapsed = 00:01:12 . Memory (MB): peak = 1336.355 ; gain = 57.914
---------------------------------------------------------------------------------
---------------------------------------------------------------------------------
Start Renaming Generated Ports
---------------------------------------------------------------------------------
---------------------------------------------------------------------------------
Finished Renaming Generated Ports : Time (s): cpu = 00:00:35 ; elapsed = 00:01:12 . Memory (MB): peak = 1336.355 ; gain = 57.914
---------------------------------------------------------------------------------
---------------------------------------------------------------------------------
Start Handling Custom Attributes
---------------------------------------------------------------------------------
---------------------------------------------------------------------------------
Finished Handling Custom Attributes : Time (s): cpu = 00:00:35 ; elapsed = 00:01:12 . Memory (MB): peak = 1336.355 ; gain = 57.914
---------------------------------------------------------------------------------
---------------------------------------------------------------------------------
Start Renaming Generated Nets
---------------------------------------------------------------------------------
---------------------------------------------------------------------------------
Finished Renaming Generated Nets : Time (s): cpu = 00:00:35 ; elapsed = 00:01:12 . Memory (MB): peak = 1336.355 ; gain = 57.914
---------------------------------------------------------------------------------
---------------------------------------------------------------------------------
Start Writing Synthesis Report
---------------------------------------------------------------------------------

Report BlackBoxes: 
+-+--------------+----------+
| |BlackBox name |Instances |
+-+--------------+----------+
+-+--------------+----------+

Report Cell Usage: 
+------+---------+------+
|      |Cell     |Count |
+------+---------+------+
|1     |BUFG     |     2|
|2     |CARRY4   |     9|
|3     |LUT1     |     4|
|4     |LUT2     |    15|
|5     |LUT3     |    13|
|6     |LUT4     |    26|
|7     |LUT5     |    22|
|8     |LUT6     |    16|
|9     |MUXF7    |     1|
|10    |RAMB18E1 |     3|
|11    |FDCE     |    53|
|12    |FDPE     |     2|
|13    |FDRE     |    82|
|14    |IBUF     |     3|
|15    |OBUF     |     8|
|16    |OBUFT    |     1|
+------+---------+------+
---------------------------------------------------------------------------------
Finished Writing Synthesis Report : Time (s): cpu = 00:00:35 ; elapsed = 00:01:12 . Memory (MB): peak = 1336.355 ; gain = 57.914
---------------------------------------------------------------------------------
Synthesis finished with 0 errors, 0 critical warnings and 16 warnings.
Synthesis Optimization Runtime : Time (s): cpu = 00:00:22 ; elapsed = 00:01:04 . Memory (MB): peak = 1336.355 ; gain = 0.000
Synthesis Optimization Complete : Time (s): cpu = 00:00:35 ; elapsed = 00:01:13 . Memory (MB): peak = 1336.355 ; gain = 57.914
INFO: [Project 1-571] Translating synthesized netlist
Netlist sorting complete. Time (s): cpu = 00:00:00 ; elapsed = 00:00:00.005 . Memory (MB): peak = 1336.355 ; gain = 0.000
INFO: [Netlist 29-17] Analyzing 13 Unisim elements for replacement
INFO: [Netlist 29-28] Unisim Transformation completed in 0 CPU seconds
INFO: [Project 1-570] Preparing netlist for logic optimization
INFO: [Opt 31-138] Pushed 0 inverter(s) to 0 load pin(s).
Netlist sorting complete. Time (s): cpu = 00:00:00 ; elapsed = 00:00:00 . Memory (MB): peak = 1336.355 ; gain = 0.000
INFO: [Project 1-111] Unisim Transformation Summary:
No Unisim elements were transformed.

Synth Design complete, checksum: 2e11b190
INFO: [Common 17-83] Releasing license: Synthesis
127 Infos, 148 Warnings, 34 Critical Warnings and 0 Errors encountered.
synth_design completed successfully
synth_design: Time (s): cpu = 00:00:41 ; elapsed = 00:01:25 . Memory (MB): peak = 1336.355 ; gain = 57.914
INFO: [runtcl-6] Synthesis results are not added to the cache due to CRITICAL_WARNING
INFO: [Common 17-1381] The checkpoint 'C:/juwan_projects/nexyddr4_working_ca_v1/nexyddr4_working_ca_v1.runs/synth_1/top_module_fpga.dcp' has been generated.
INFO: [runtcl-4] Executing : report_utilization -file top_module_fpga_utilization_synth.rpt -pb top_module_fpga_utilization_synth.pb
INFO: [Common 17-206] Exiting Vivado at Sun Nov 12 22:43:12 2023...
